#
# A fatal error has been detected by the Java Runtime Environment:
#
#  EXCEPTION_ACCESS_VIOLATION (0xc0000005) at pc=0x00007ffe2183269e, pid=15660, tid=20280
#
# JRE version: Java(TM) SE Runtime Environment (9.0+11) (build 9.0.1+11)
# Java VM: Java HotSpot(TM) 64-Bit Server VM (9.0.1+11, mixed mode, tiered, compressed oops, g1 gc, windows-amd64)
# Problematic frame:
# C  [ig9icd64.dll+0x19269e]
#
# No core dump will be written. Minidumps are not enabled by default on client versions of Windows
#
# If you would like to submit a bug report, please visit:
#   http://bugreport.java.com/bugreport/crash.jsp
# The crash happened outside the Java Virtual Machine in native code.
# See problematic frame for where to report the bug.
#

---------------  S U M M A R Y ------------

Command Line: -Dfile.encoding=UTF-8 client.App

Host: Intel(R) Pentium(R) CPU 4405U @ 2.10GHz, 4 cores, 7G,  Windows 10 , 64 bit Build 16299 (10.0.16299.15)
Time: Wed Dec 20 14:10:48 2017 Mitteleuropäische Zeit elapsed time: 2 seconds (0d 0h 0m 2s)

---------------  T H R E A D  ---------------

Current thread (0x000001e7df23a000):  JavaThread "AWT-EventQueue-0" [_thread_in_native, id=20280, stack(0x00000015f6f00000,0x00000015f7000000)]

Stack: [0x00000015f6f00000,0x00000015f7000000],  sp=0x00000015f6ffabe0,  free space=1002k
Native frames: (J=compiled Java code, j=interpreted, Vv=VM code, C=native code)
C  [ig9icd64.dll+0x19269e]
C  [ig9icd64.dll+0x35e615]
C  [ig9icd64.dll+0x4ff3df]
C  [jogl_desktop.dll+0x1f50f]
C  0x000001e7c710919c

Java frames: (J=compiled Java code, j=interpreted, Vv=VM code)
j  jogamp.opengl.gl4.GL4bcImpl.dispatch_glShaderSource1(II[Ljava/lang/String;Ljava/lang/Object;IZJ)V+0
j  jogamp.opengl.gl4.GL4bcImpl.glShaderSource(II[Ljava/lang/String;[II)V+110
j  universe.Utils.compileSource([Ljava/lang/String;[Ljava/lang/String;Lcom/jogamp/opengl/GL2;)I+16
j  universe.Star.renderStars(Lcom/jogamp/opengl/GL2;Ljava/util/List;F)V+28
j  client.App.display(Lcom/jogamp/opengl/GLAutoDrawable;)V+122
j  jogamp.opengl.GLDrawableHelper.displayImpl(Lcom/jogamp/opengl/GLAutoDrawable;)V+62
j  jogamp.opengl.GLDrawableHelper.display(Lcom/jogamp/opengl/GLAutoDrawable;)V+2
j  com.jogamp.opengl.awt.GLCanvas$11.run()V+118
j  jogamp.opengl.GLDrawableHelper.invokeGLImpl(Lcom/jogamp/opengl/GLDrawable;Lcom/jogamp/opengl/GLContext;Ljava/lang/Runnable;Ljava/lang/Runnable;)V+203
j  jogamp.opengl.GLDrawableHelper.invokeGL(Lcom/jogamp/opengl/GLDrawable;Lcom/jogamp/opengl/GLContext;Ljava/lang/Runnable;Ljava/lang/Runnable;)V+72
j  com.jogamp.opengl.awt.GLCanvas$12.run()V+104
j  com.jogamp.opengl.Threading.invoke(ZLjava/lang/Runnable;Ljava/lang/Object;)V+27
j  com.jogamp.opengl.awt.GLCanvas.display()V+64
j  com.jogamp.opengl.awt.GLCanvas.paint(Ljava/awt/Graphics;)V+137
j  sun.awt.RepaintArea.paintComponent(Ljava/awt/Component;Ljava/awt/Graphics;)V+6 java.desktop@9.0.1
j  sun.awt.RepaintArea.paint(Ljava/lang/Object;Z)V+326 java.desktop@9.0.1
j  sun.awt.windows.WComponentPeer.handleEvent(Ljava/awt/AWTEvent;)V+155 java.desktop@9.0.1
j  java.awt.Component.dispatchEventImpl(Ljava/awt/AWTEvent;)V+733 java.desktop@9.0.1
j  java.awt.Component.dispatchEvent(Ljava/awt/AWTEvent;)V+2 java.desktop@9.0.1
j  java.awt.EventQueue.dispatchEventImpl(Ljava/awt/AWTEvent;Ljava/lang/Object;)V+41 java.desktop@9.0.1
j  java.awt.EventQueue.access$500(Ljava/awt/EventQueue;Ljava/awt/AWTEvent;Ljava/lang/Object;)V+3 java.desktop@9.0.1
j  java.awt.EventQueue$3.run()Ljava/lang/Void;+32 java.desktop@9.0.1
j  java.awt.EventQueue$3.run()Ljava/lang/Object;+1 java.desktop@9.0.1
v  ~StubRoutines::call_stub
j  java.security.AccessController.doPrivileged(Ljava/security/PrivilegedAction;Ljava/security/AccessControlContext;)Ljava/lang/Object;+0 java.base@9.0.1
j  java.security.ProtectionDomain$JavaSecurityAccessImpl.doIntersectionPrivilege(Ljava/security/PrivilegedAction;Ljava/security/AccessControlContext;Ljava/security/AccessControlContext;)Ljava/lang/Object;+18 java.base@9.0.1
j  java.security.ProtectionDomain$JavaSecurityAccessImpl.doIntersectionPrivilege(Ljava/security/PrivilegedAction;Ljava/security/AccessControlContext;)Ljava/lang/Object;+6 java.base@9.0.1
j  java.awt.EventQueue$4.run()Ljava/lang/Void;+11 java.desktop@9.0.1
j  java.awt.EventQueue$4.run()Ljava/lang/Object;+1 java.desktop@9.0.1
v  ~StubRoutines::call_stub
j  java.security.AccessController.doPrivileged(Ljava/security/PrivilegedAction;Ljava/security/AccessControlContext;)Ljava/lang/Object;+0 java.base@9.0.1
j  java.security.ProtectionDomain$JavaSecurityAccessImpl.doIntersectionPrivilege(Ljava/security/PrivilegedAction;Ljava/security/AccessControlContext;Ljava/security/AccessControlContext;)Ljava/lang/Object;+18 java.base@9.0.1
j  java.awt.EventQueue.dispatchEvent(Ljava/awt/AWTEvent;)V+73 java.desktop@9.0.1
j  java.awt.EventDispatchThread.pumpOneEventForFilters(I)V+183 java.desktop@9.0.1
j  java.awt.EventDispatchThread.pumpEventsForFilter(ILjava/awt/Conditional;Ljava/awt/EventFilter;)V+35 java.desktop@9.0.1
j  java.awt.EventDispatchThread.pumpEventsForHierarchy(ILjava/awt/Conditional;Ljava/awt/Component;)V+11 java.desktop@9.0.1
j  java.awt.EventDispatchThread.pumpEvents(ILjava/awt/Conditional;)V+4 java.desktop@9.0.1
j  java.awt.EventDispatchThread.pumpEvents(Ljava/awt/Conditional;)V+3 java.desktop@9.0.1
j  java.awt.EventDispatchThread.run()V+9 java.desktop@9.0.1
v  ~StubRoutines::call_stub

siginfo: EXCEPTION_ACCESS_VIOLATION (0xc0000005), reading address 0x0000000000000000


Register to memory mapping:

RIP=0x00007ffe2183269e ig9icd64.dll
RAX=0x0000000000000000 is an unknown value
RBX=0x0000000000000000 is an unknown value
RCX=0x000001e7df693dd0 is an unknown value
RDX=0x0000000000000000 is an unknown value
RSP=0x00000015f6ffabe0 is pointing into the stack for thread: 0x000001e7df23a000
RBP=0x000001e7de4b8cb0 is an unknown value
RSI=0x0000000000000001 is an unknown value
RDI=0x0000000000000000 is an unknown value
R8 =0x00000015f6ffabe8 is pointing into the stack for thread: 0x000001e7df23a000
R9 =0x0000000000000000 is an unknown value
R10=0x000001e7beab0d80 is an unknown value
R11=0x00000015f6ffaa90 is pointing into the stack for thread: 0x000001e7df23a000
R12=0x0000000000000000 is an unknown value
R13=0x000001e7e11d91c0 is an unknown value
R14=0x0000000000000001 is an unknown value
R15=0x0000000000000000 is an unknown value


Registers:
RAX=0x0000000000000000, RBX=0x0000000000000000, RCX=0x000001e7df693dd0, RDX=0x0000000000000000
RSP=0x00000015f6ffabe0, RBP=0x000001e7de4b8cb0, RSI=0x0000000000000001, RDI=0x0000000000000000
R8 =0x00000015f6ffabe8, R9 =0x0000000000000000, R10=0x000001e7beab0d80, R11=0x00000015f6ffaa90
R12=0x0000000000000000, R13=0x000001e7e11d91c0, R14=0x0000000000000001, R15=0x0000000000000000
RIP=0x00007ffe2183269e, EFLAGS=0x0000000000010246

Top of Stack: (sp=0x00000015f6ffabe0)
0x00000015f6ffabe0:   000001e7de4b8d60 000001e7e11d91c0
0x00000015f6ffabf0:   000001e7e11d91c0 00000000708072c0
0x00000015f6ffac00:   000001e7df23a218 0000000000000001
0x00000015f6ffac10:   0000000000000000 00007ffe21f4a990
0x00000015f6ffac20:   0000000000000001 00007ffe219fe615
0x00000015f6ffac30:   000001e7e11d91c0 0000000000000000
0x00000015f6ffac40:   0000000000000000 00000015f6ffae00
0x00000015f6ffac50:   0000000000000000 0000000000000000
0x00000015f6ffac60:   00000015f6ffae40 00007ffe21b9f3df
0x00000015f6ffac70:   0000000000000001 0000000000000000
0x00000015f6ffac80:   0000000000000000 000001e7e11d91c0
0x00000015f6ffac90:   000001e7df2ed920 000001e7e039b680
0x00000015f6ffaca0:   0000000000000000 000000006451f50f
0x00000015f6ffacb0:   0000000000000000 0000000070478bf0
0x00000015f6ffacc0:   00000015f6ffbc58 000001e7df0b3640
0x00000015f6ffacd0:   00000001de473ad0 0000000000000001 

Instructions: (pc=0x00007ffe2183269e)
0x00007ffe2183267e:   fc 90 4d 85 e4 74 19 49 63 07 85 c0 78 12 48 8b
0x00007ffe2183268e:   8d b0 00 00 00 48 8b 17 4c 8b c0 48 03 cb eb 2c
0x00007ffe2183269e:   48 8b 17 48 8b 8d b0 00 00 00 48 03 cb 80 3a 00
0x00007ffe218326ae:   75 05 45 33 c0 eb 15 49 83 c8 ff 0f 1f 80 00 00 



---------------  P R O C E S S  ---------------

Java Threads: ( => current thread )
  0x000001e7bebec000 JavaThread "DestroyJavaVM" [_thread_blocked, id=15896, stack(0x00000015f5300000,0x00000015f5400000)]
  0x000001e7e13ba800 JavaThread "main-FPSAWTAnimator#00-Timer0" [_thread_blocked, id=4688, stack(0x00000015f7500000,0x00000015f7600000)]
  0x000001e7df3c9800 JavaThread "main-SharedResourceRunner" daemon [_thread_blocked, id=17212, stack(0x00000015f7000000,0x00000015f7100000)]
=>0x000001e7df23a000 JavaThread "AWT-EventQueue-0" [_thread_in_native, id=20280, stack(0x00000015f6f00000,0x00000015f7000000)]
  0x000001e7df035000 JavaThread "AWT-Windows" daemon [_thread_in_native, id=14868, stack(0x00000015f6e00000,0x00000015f6f00000)]
  0x000001e7df2da800 JavaThread "AWT-Shutdown" [_thread_blocked, id=6928, stack(0x00000015f6d00000,0x00000015f6e00000)]
  0x000001e7df2e4800 JavaThread "Java2D Disposer" daemon [_thread_blocked, id=13740, stack(0x00000015f6c00000,0x00000015f6d00000)]
  0x000001e7de797000 JavaThread "Service Thread" daemon [_thread_blocked, id=22976, stack(0x00000015f6900000,0x00000015f6a00000)]
  0x000001e7de54b800 JavaThread "Common-Cleaner" daemon [_thread_blocked, id=5172, stack(0x00000015f6800000,0x00000015f6900000)]
  0x000001e7de458000 JavaThread "Sweeper thread" daemon [_thread_blocked, id=15400, stack(0x00000015f6700000,0x00000015f6800000)]
  0x000001e7de453000 JavaThread "C1 CompilerThread2" daemon [_thread_blocked, id=20564, stack(0x00000015f6600000,0x00000015f6700000)]
  0x000001e7de448800 JavaThread "C2 CompilerThread1" daemon [_thread_blocked, id=19084, stack(0x00000015f6500000,0x00000015f6600000)]
  0x000001e7de43d800 JavaThread "C2 CompilerThread0" daemon [_thread_blocked, id=8244, stack(0x00000015f6400000,0x00000015f6500000)]
  0x000001e7de439800 JavaThread "Attach Listener" daemon [_thread_blocked, id=1104, stack(0x00000015f6300000,0x00000015f6400000)]
  0x000001e7de438800 JavaThread "Signal Dispatcher" daemon [_thread_blocked, id=9364, stack(0x00000015f6200000,0x00000015f6300000)]
  0x000001e7de432000 JavaThread "Finalizer" daemon [_thread_blocked, id=18356, stack(0x00000015f6100000,0x00000015f6200000)]
  0x000001e7de427800 JavaThread "Reference Handler" daemon [_thread_blocked, id=5668, stack(0x00000015f6000000,0x00000015f6100000)]

Other Threads:
  0x000001e7de3fd000 VMThread "VM Thread" [stack: 0x00000015f5f00000,0x00000015f6000000] [id=10140]
  0x000001e7de798800 WatcherThread [stack: 0x00000015f6a00000,0x00000015f6b00000] [id=6424]
  0x000001e7bec03800 GCTaskThread "GC Thread#0" [stack: 0x00000015f5400000,0x00000015f5500000] [id=18216]
  0x000001e7bec05000 GCTaskThread "GC Thread#1" [stack: 0x00000015f5500000,0x00000015f5600000] [id=17524]
  0x000001e7bec08800 GCTaskThread "GC Thread#2" [stack: 0x00000015f5600000,0x00000015f5700000] [id=3012]
  0x000001e7bec0b800 GCTaskThread "GC Thread#3" [stack: 0x00000015f5700000,0x00000015f5800000] [id=13908]
  0x000001e7bec8b800 ConcurrentGCThread "G1 Main Marker" [stack: 0x00000015f5d00000,0x00000015f5e00000] [id=25460]
  0x000001e7bec8e800 ConcurrentGCThread "G1 Marker#0" [stack: 0x00000015f5e00000,0x00000015f5f00000] [id=19852]
  0x000001e7bec1d000 ConcurrentGCThread "G1 Refine#0" [stack: 0x00000015f5b00000,0x00000015f5c00000] [id=23096]
  0x000001e7bec1a800 ConcurrentGCThread "G1 Refine#1" [stack: 0x00000015f5a00000,0x00000015f5b00000] [id=17236]
  0x000001e7bec13000 ConcurrentGCThread "G1 Refine#2" [stack: 0x00000015f5900000,0x00000015f5a00000] [id=21716]
  0x000001e7bec0e000 ConcurrentGCThread "G1 Refine#3" [stack: 0x00000015f5800000,0x00000015f5900000] [id=25464]
  0x000001e7bec1f000 ConcurrentGCThread "G1 Young RemSet Sampling" [stack: 0x00000015f5c00000,0x00000015f5d00000] [id=14244]

Threads with active compile tasks:

VM state:not at safepoint (normal execution)

VM Mutex/Monitor currently owned by a thread: None

Heap address: 0x0000000081400000, size: 2028 MB, Compressed Oops mode: 32-bit
Narrow klass base: 0x0000000000000000, Narrow klass shift: 3
Compressed class space size: 1073741824 Address: 0x0000000100000000

Heap:
 garbage-first heap   total 131072K, used 65067K [0x0000000081400000, 0x0000000081500400, 0x0000000100000000)
  region size 1024K, 55 young (56320K), 2 survivors (2048K)
 Metaspace       used 18602K, capacity 19490K, committed 19584K, reserved 1067008K
  class space    used 1914K, capacity 2097K, committed 2176K, reserved 1048576K
Heap Regions: E=young(eden), S=young(survivor), O=old, HS=humongous(starts), HC=humongous(continues), CS=collection set, F=free, A=archive, TS=gc time stamp, AC=allocation context, TAMS=top-at-mark-start (previous, next)
|   0|0x0000000081400000, 0x0000000081400000, 0x0000000081500000|  0%| F|  |TS  1|AC  0|TAMS 0x0000000081400000, 0x0000000081400000|
|   1|0x0000000081500000, 0x0000000081600000, 0x0000000081600000|100%| O|  |TS  1|AC  0|TAMS 0x0000000081500000, 0x0000000081500000|
|   2|0x0000000081600000, 0x000000008168ac00, 0x0000000081700000| 54%| O|  |TS  1|AC  0|TAMS 0x0000000081600000, 0x0000000081600000|
|   3|0x0000000081700000, 0x0000000081800000, 0x0000000081800000|100%|HS|  |TS  0|AC  0|TAMS 0x0000000081700000, 0x0000000081700000|
|   4|0x0000000081800000, 0x0000000081900000, 0x0000000081900000|100%|HC|  |TS  0|AC  0|TAMS 0x0000000081800000, 0x0000000081800000|
|   5|0x0000000081900000, 0x0000000081a00000, 0x0000000081a00000|100%|HC|  |TS  0|AC  0|TAMS 0x0000000081900000, 0x0000000081900000|
|   6|0x0000000081a00000, 0x0000000081b00000, 0x0000000081b00000|100%|HC|  |TS  0|AC  0|TAMS 0x0000000081a00000, 0x0000000081a00000|
|   7|0x0000000081b00000, 0x0000000081c00000, 0x0000000081c00000|100%|HC|  |TS  0|AC  0|TAMS 0x0000000081b00000, 0x0000000081b00000|
|   8|0x0000000081c00000, 0x0000000081d00000, 0x0000000081d00000|100%|HC|  |TS  0|AC  0|TAMS 0x0000000081c00000, 0x0000000081c00000|
|   9|0x0000000081d00000, 0x0000000081e00000, 0x0000000081e00000|100%|HC|  |TS  0|AC  0|TAMS 0x0000000081d00000, 0x0000000081d00000|
|  10|0x0000000081e00000, 0x0000000081f00000, 0x0000000081f00000|100%|HC|  |TS  0|AC  0|TAMS 0x0000000081e00000, 0x0000000081e00000|
|  11|0x0000000081f00000, 0x0000000081f00000, 0x0000000082000000|  0%| F|  |TS  0|AC  0|TAMS 0x0000000081f00000, 0x0000000081f00000|
|  12|0x0000000082000000, 0x0000000082000000, 0x0000000082100000|  0%| F|  |TS  0|AC  0|TAMS 0x0000000082000000, 0x0000000082000000|
|  13|0x0000000082100000, 0x0000000082100000, 0x0000000082200000|  0%| F|  |TS  0|AC  0|TAMS 0x0000000082100000, 0x0000000082100000|
|  14|0x0000000082200000, 0x0000000082200000, 0x0000000082300000|  0%| F|  |TS  0|AC  0|TAMS 0x0000000082200000, 0x0000000082200000|
|  15|0x0000000082300000, 0x0000000082300000, 0x0000000082400000|  0%| F|  |TS  0|AC  0|TAMS 0x0000000082300000, 0x0000000082300000|
|  16|0x0000000082400000, 0x0000000082400000, 0x0000000082500000|  0%| F|  |TS  0|AC  0|TAMS 0x0000000082400000, 0x0000000082400000|
|  17|0x0000000082500000, 0x0000000082500000, 0x0000000082600000|  0%| F|  |TS  0|AC  0|TAMS 0x0000000082500000, 0x0000000082500000|
|  18|0x0000000082600000, 0x0000000082600000, 0x0000000082700000|  0%| F|  |TS  0|AC  0|TAMS 0x0000000082600000, 0x0000000082600000|
|  19|0x0000000082700000, 0x0000000082700000, 0x0000000082800000|  0%| F|  |TS  0|AC  0|TAMS 0x0000000082700000, 0x0000000082700000|
|  20|0x0000000082800000, 0x0000000082800000, 0x0000000082900000|  0%| F|  |TS  0|AC  0|TAMS 0x0000000082800000, 0x0000000082800000|
|  21|0x0000000082900000, 0x0000000082900000, 0x0000000082a00000|  0%| F|  |TS  0|AC  0|TAMS 0x0000000082900000, 0x0000000082900000|
|  22|0x0000000082a00000, 0x0000000082a00000, 0x0000000082b00000|  0%| F|  |TS  0|AC  0|TAMS 0x0000000082a00000, 0x0000000082a00000|
|  23|0x0000000082b00000, 0x0000000082b00000, 0x0000000082c00000|  0%| F|  |TS  0|AC  0|TAMS 0x0000000082b00000, 0x0000000082b00000|
|  24|0x0000000082c00000, 0x0000000082c00000, 0x0000000082d00000|  0%| F|  |TS  0|AC  0|TAMS 0x0000000082c00000, 0x0000000082c00000|
|  25|0x0000000082d00000, 0x0000000082d00000, 0x0000000082e00000|  0%| F|  |TS  0|AC  0|TAMS 0x0000000082d00000, 0x0000000082d00000|
|  26|0x0000000082e00000, 0x0000000082e00000, 0x0000000082f00000|  0%| F|  |TS  0|AC  0|TAMS 0x0000000082e00000, 0x0000000082e00000|
|  27|0x0000000082f00000, 0x0000000082f00000, 0x0000000083000000|  0%| F|  |TS  0|AC  0|TAMS 0x0000000082f00000, 0x0000000082f00000|
|  28|0x0000000083000000, 0x0000000083000000, 0x0000000083100000|  0%| F|  |TS  0|AC  0|TAMS 0x0000000083000000, 0x0000000083000000|
|  29|0x0000000083100000, 0x0000000083100000, 0x0000000083200000|  0%| F|  |TS  0|AC  0|TAMS 0x0000000083100000, 0x0000000083100000|
|  30|0x0000000083200000, 0x0000000083200000, 0x0000000083300000|  0%| F|  |TS  0|AC  0|TAMS 0x0000000083200000, 0x0000000083200000|
|  31|0x0000000083300000, 0x0000000083300000, 0x0000000083400000|  0%| F|  |TS  0|AC  0|TAMS 0x0000000083300000, 0x0000000083300000|
|  32|0x0000000083400000, 0x0000000083400000, 0x0000000083500000|  0%| F|  |TS  0|AC  0|TAMS 0x0000000083400000, 0x0000000083400000|
|  33|0x0000000083500000, 0x0000000083500000, 0x0000000083600000|  0%| F|  |TS  0|AC  0|TAMS 0x0000000083500000, 0x0000000083500000|
|  34|0x0000000083600000, 0x0000000083600000, 0x0000000083700000|  0%| F|  |TS  0|AC  0|TAMS 0x0000000083600000, 0x0000000083600000|
|  35|0x0000000083700000, 0x0000000083700000, 0x0000000083800000|  0%| F|  |TS  0|AC  0|TAMS 0x0000000083700000, 0x0000000083700000|
|  36|0x0000000083800000, 0x0000000083800000, 0x0000000083900000|  0%| F|  |TS  0|AC  0|TAMS 0x0000000083800000, 0x0000000083800000|
|  37|0x0000000083900000, 0x0000000083900000, 0x0000000083a00000|  0%| F|  |TS  0|AC  0|TAMS 0x0000000083900000, 0x0000000083900000|
|  38|0x0000000083a00000, 0x0000000083a00000, 0x0000000083b00000|  0%| F|  |TS  0|AC  0|TAMS 0x0000000083a00000, 0x0000000083a00000|
|  39|0x0000000083b00000, 0x0000000083b00000, 0x0000000083c00000|  0%| F|  |TS  0|AC  0|TAMS 0x0000000083b00000, 0x0000000083b00000|
|  40|0x0000000083c00000, 0x0000000083c00000, 0x0000000083d00000|  0%| F|  |TS  0|AC  0|TAMS 0x0000000083c00000, 0x0000000083c00000|
|  41|0x0000000083d00000, 0x0000000083d00000, 0x0000000083e00000|  0%| F|  |TS  0|AC  0|TAMS 0x0000000083d00000, 0x0000000083d00000|
|  42|0x0000000083e00000, 0x0000000083e00000, 0x0000000083f00000|  0%| F|  |TS  0|AC  0|TAMS 0x0000000083e00000, 0x0000000083e00000|
|  43|0x0000000083f00000, 0x0000000083f00000, 0x0000000084000000|  0%| F|  |TS  0|AC  0|TAMS 0x0000000083f00000, 0x0000000083f00000|
|  44|0x0000000084000000, 0x0000000084000000, 0x0000000084100000|  0%| F|  |TS  0|AC  0|TAMS 0x0000000084000000, 0x0000000084000000|
|  45|0x0000000084100000, 0x0000000084100000, 0x0000000084200000|  0%| F|  |TS  0|AC  0|TAMS 0x0000000084100000, 0x0000000084100000|
|  46|0x0000000084200000, 0x0000000084200000, 0x0000000084300000|  0%| F|  |TS  0|AC  0|TAMS 0x0000000084200000, 0x0000000084200000|
|  47|0x0000000084300000, 0x0000000084300000, 0x0000000084400000|  0%| F|  |TS  0|AC  0|TAMS 0x0000000084300000, 0x0000000084300000|
|  48|0x0000000084400000, 0x0000000084400000, 0x0000000084500000|  0%| F|  |TS  0|AC  0|TAMS 0x0000000084400000, 0x0000000084400000|
|  49|0x0000000084500000, 0x0000000084500000, 0x0000000084600000|  0%| F|  |TS  0|AC  0|TAMS 0x0000000084500000, 0x0000000084500000|
|  50|0x0000000084600000, 0x0000000084600000, 0x0000000084700000|  0%| F|  |TS  0|AC  0|TAMS 0x0000000084600000, 0x0000000084600000|
|  51|0x0000000084700000, 0x0000000084700000, 0x0000000084800000|  0%| F|  |TS  0|AC  0|TAMS 0x0000000084700000, 0x0000000084700000|
|  52|0x0000000084800000, 0x0000000084800000, 0x0000000084900000|  0%| F|  |TS  0|AC  0|TAMS 0x0000000084800000, 0x0000000084800000|
|  53|0x0000000084900000, 0x0000000084900000, 0x0000000084a00000|  0%| F|  |TS  0|AC  0|TAMS 0x0000000084900000, 0x0000000084900000|
|  54|0x0000000084a00000, 0x0000000084a00000, 0x0000000084b00000|  0%| F|  |TS  0|AC  0|TAMS 0x0000000084a00000, 0x0000000084a00000|
|  55|0x0000000084b00000, 0x0000000084b00000, 0x0000000084c00000|  0%| F|  |TS  0|AC  0|TAMS 0x0000000084b00000, 0x0000000084b00000|
|  56|0x0000000084c00000, 0x0000000084c00000, 0x0000000084d00000|  0%| F|  |TS  0|AC  0|TAMS 0x0000000084c00000, 0x0000000084c00000|
|  57|0x0000000084d00000, 0x0000000084d00000, 0x0000000084e00000|  0%| F|  |TS  0|AC  0|TAMS 0x0000000084d00000, 0x0000000084d00000|
|  58|0x0000000084e00000, 0x0000000084e00000, 0x0000000084f00000|  0%| F|  |TS  0|AC  0|TAMS 0x0000000084e00000, 0x0000000084e00000|
|  59|0x0000000084f00000, 0x0000000084f00000, 0x0000000085000000|  0%| F|  |TS  0|AC  0|TAMS 0x0000000084f00000, 0x0000000084f00000|
|  60|0x0000000085000000, 0x0000000085000000, 0x0000000085100000|  0%| F|  |TS  0|AC  0|TAMS 0x0000000085000000, 0x0000000085000000|
|  61|0x0000000085100000, 0x0000000085100000, 0x0000000085200000|  0%| F|  |TS  0|AC  0|TAMS 0x0000000085100000, 0x0000000085100000|
|  62|0x0000000085200000, 0x0000000085200000, 0x0000000085300000|  0%| F|  |TS  0|AC  0|TAMS 0x0000000085200000, 0x0000000085200000|
|  63|0x0000000085300000, 0x0000000085300000, 0x0000000085400000|  0%| F|  |TS  0|AC  0|TAMS 0x0000000085300000, 0x0000000085300000|
|  64|0x0000000085400000, 0x0000000085400000, 0x0000000085500000|  0%| F|  |TS  0|AC  0|TAMS 0x0000000085400000, 0x0000000085400000|
|  65|0x0000000085500000, 0x0000000085500000, 0x0000000085600000|  0%| F|  |TS  0|AC  0|TAMS 0x0000000085500000, 0x0000000085500000|
|  66|0x0000000085600000, 0x0000000085600000, 0x0000000085700000|  0%| F|  |TS  0|AC  0|TAMS 0x0000000085600000, 0x0000000085600000|
|  67|0x0000000085700000, 0x0000000085700000, 0x0000000085800000|  0%| F|  |TS  0|AC  0|TAMS 0x0000000085700000, 0x0000000085700000|
|  68|0x0000000085800000, 0x0000000085800000, 0x0000000085900000|  0%| F|  |TS  0|AC  0|TAMS 0x0000000085800000, 0x0000000085800000|
|  69|0x0000000085900000, 0x0000000085900000, 0x0000000085a00000|  0%| F|  |TS  0|AC  0|TAMS 0x0000000085900000, 0x0000000085900000|
|  70|0x0000000085a00000, 0x0000000085a00000, 0x0000000085b00000|  0%| F|  |TS  0|AC  0|TAMS 0x0000000085a00000, 0x0000000085a00000|
|  71|0x0000000085b00000, 0x0000000085b00000, 0x0000000085c00000|  0%| F|  |TS  0|AC  0|TAMS 0x0000000085b00000, 0x0000000085b00000|
|  72|0x0000000085c00000, 0x0000000085c00000, 0x0000000085d00000|  0%| F|  |TS  0|AC  0|TAMS 0x0000000085c00000, 0x0000000085c00000|
|  73|0x0000000085d00000, 0x0000000085e00000, 0x0000000085e00000|100%| E|  |TS  0|AC  0|TAMS 0x0000000085d00000, 0x0000000085d00000|
|  74|0x0000000085e00000, 0x0000000085f00000, 0x0000000085f00000|100%| E|CS|TS  0|AC  0|TAMS 0x0000000085e00000, 0x0000000085e00000|
|  75|0x0000000085f00000, 0x0000000086000000, 0x0000000086000000|100%| E|CS|TS  0|AC  0|TAMS 0x0000000085f00000, 0x0000000085f00000|
|  76|0x0000000086000000, 0x0000000086100000, 0x0000000086100000|100%| E|CS|TS  0|AC  0|TAMS 0x0000000086000000, 0x0000000086000000|
|  77|0x0000000086100000, 0x0000000086200000, 0x0000000086200000|100%| E|CS|TS  0|AC  0|TAMS 0x0000000086100000, 0x0000000086100000|
|  78|0x0000000086200000, 0x0000000086300000, 0x0000000086300000|100%| E|CS|TS  0|AC  0|TAMS 0x0000000086200000, 0x0000000086200000|
|  79|0x0000000086300000, 0x0000000086400000, 0x0000000086400000|100%| E|CS|TS  0|AC  0|TAMS 0x0000000086300000, 0x0000000086300000|
|  80|0x0000000086400000, 0x0000000086500000, 0x0000000086500000|100%| E|CS|TS  0|AC  0|TAMS 0x0000000086400000, 0x0000000086400000|
|  81|0x0000000086500000, 0x0000000086600000, 0x0000000086600000|100%| E|CS|TS  0|AC  0|TAMS 0x0000000086500000, 0x0000000086500000|
|  82|0x0000000086600000, 0x0000000086700000, 0x0000000086700000|100%| E|CS|TS  0|AC  0|TAMS 0x0000000086600000, 0x0000000086600000|
|  83|0x0000000086700000, 0x0000000086800000, 0x0000000086800000|100%| E|CS|TS  0|AC  0|TAMS 0x0000000086700000, 0x0000000086700000|
|  84|0x0000000086800000, 0x0000000086900000, 0x0000000086900000|100%| E|CS|TS  0|AC  0|TAMS 0x0000000086800000, 0x0000000086800000|
|  85|0x0000000086900000, 0x0000000086a00000, 0x0000000086a00000|100%| E|CS|TS  0|AC  0|TAMS 0x0000000086900000, 0x0000000086900000|
|  86|0x0000000086a00000, 0x0000000086b00000, 0x0000000086b00000|100%| E|CS|TS  0|AC  0|TAMS 0x0000000086a00000, 0x0000000086a00000|
|  87|0x0000000086b00000, 0x0000000086c00000, 0x0000000086c00000|100%| E|CS|TS  0|AC  0|TAMS 0x0000000086b00000, 0x0000000086b00000|
|  88|0x0000000086c00000, 0x0000000086d00000, 0x0000000086d00000|100%| E|CS|TS  0|AC  0|TAMS 0x0000000086c00000, 0x0000000086c00000|
|  89|0x0000000086d00000, 0x0000000086e00000, 0x0000000086e00000|100%| E|CS|TS  0|AC  0|TAMS 0x0000000086d00000, 0x0000000086d00000|
|  90|0x0000000086e00000, 0x0000000086f00000, 0x0000000086f00000|100%| E|CS|TS  0|AC  0|TAMS 0x0000000086e00000, 0x0000000086e00000|
|  91|0x0000000086f00000, 0x0000000087000000, 0x0000000087000000|100%| E|CS|TS  0|AC  0|TAMS 0x0000000086f00000, 0x0000000086f00000|
|  92|0x0000000087000000, 0x0000000087100000, 0x0000000087100000|100%| E|CS|TS  0|AC  0|TAMS 0x0000000087000000, 0x0000000087000000|
|  93|0x0000000087100000, 0x0000000087200000, 0x0000000087200000|100%| E|CS|TS  0|AC  0|TAMS 0x0000000087100000, 0x0000000087100000|
|  94|0x0000000087200000, 0x0000000087300000, 0x0000000087300000|100%| E|CS|TS  0|AC  0|TAMS 0x0000000087200000, 0x0000000087200000|
|  95|0x0000000087300000, 0x0000000087400000, 0x0000000087400000|100%| E|CS|TS  0|AC  0|TAMS 0x0000000087300000, 0x0000000087300000|
|  96|0x0000000087400000, 0x0000000087500000, 0x0000000087500000|100%| E|CS|TS  0|AC  0|TAMS 0x0000000087400000, 0x0000000087400000|
|  97|0x0000000087500000, 0x0000000087600000, 0x0000000087600000|100%| E|CS|TS  0|AC  0|TAMS 0x0000000087500000, 0x0000000087500000|
|  98|0x0000000087600000, 0x0000000087700000, 0x0000000087700000|100%| E|CS|TS  0|AC  0|TAMS 0x0000000087600000, 0x0000000087600000|
|  99|0x0000000087700000, 0x0000000087800000, 0x0000000087800000|100%| E|CS|TS  0|AC  0|TAMS 0x0000000087700000, 0x0000000087700000|
| 100|0x0000000087800000, 0x0000000087900000, 0x0000000087900000|100%| E|CS|TS  0|AC  0|TAMS 0x0000000087800000, 0x0000000087800000|
| 101|0x0000000087900000, 0x0000000087a00000, 0x0000000087a00000|100%| E|CS|TS  0|AC  0|TAMS 0x0000000087900000, 0x0000000087900000|
| 102|0x0000000087a00000, 0x0000000087b00000, 0x0000000087b00000|100%| E|CS|TS  0|AC  0|TAMS 0x0000000087a00000, 0x0000000087a00000|
| 103|0x0000000087b00000, 0x0000000087c00000, 0x0000000087c00000|100%| E|CS|TS  0|AC  0|TAMS 0x0000000087b00000, 0x0000000087b00000|
| 104|0x0000000087c00000, 0x0000000087d00000, 0x0000000087d00000|100%| E|CS|TS  0|AC  0|TAMS 0x0000000087c00000, 0x0000000087c00000|
| 105|0x0000000087d00000, 0x0000000087e00000, 0x0000000087e00000|100%| E|CS|TS  0|AC  0|TAMS 0x0000000087d00000, 0x0000000087d00000|
| 106|0x0000000087e00000, 0x0000000087f00000, 0x0000000087f00000|100%| E|CS|TS  0|AC  0|TAMS 0x0000000087e00000, 0x0000000087e00000|
| 107|0x0000000087f00000, 0x0000000088000000, 0x0000000088000000|100%| E|CS|TS  0|AC  0|TAMS 0x0000000087f00000, 0x0000000087f00000|
| 108|0x0000000088000000, 0x0000000088100000, 0x0000000088100000|100%| E|CS|TS  0|AC  0|TAMS 0x0000000088000000, 0x0000000088000000|
| 109|0x0000000088100000, 0x0000000088200000, 0x0000000088200000|100%| E|CS|TS  0|AC  0|TAMS 0x0000000088100000, 0x0000000088100000|
| 110|0x0000000088200000, 0x0000000088300000, 0x0000000088300000|100%| E|CS|TS  0|AC  0|TAMS 0x0000000088200000, 0x0000000088200000|
| 111|0x0000000088300000, 0x0000000088400000, 0x0000000088400000|100%| E|CS|TS  0|AC  0|TAMS 0x0000000088300000, 0x0000000088300000|
| 112|0x0000000088400000, 0x0000000088500000, 0x0000000088500000|100%| S|CS|TS  1|AC  0|TAMS 0x0000000088400000, 0x0000000088400000|
| 113|0x0000000088500000, 0x0000000088600000, 0x0000000088600000|100%| S|CS|TS  1|AC  0|TAMS 0x0000000088500000, 0x0000000088500000|
| 114|0x0000000088600000, 0x0000000088700000, 0x0000000088700000|100%| E|CS|TS  1|AC  0|TAMS 0x0000000088600000, 0x0000000088600000|
| 115|0x0000000088700000, 0x0000000088800000, 0x0000000088800000|100%| E|CS|TS  1|AC  0|TAMS 0x0000000088700000, 0x0000000088700000|
| 116|0x0000000088800000, 0x0000000088900000, 0x0000000088900000|100%| E|CS|TS  1|AC  0|TAMS 0x0000000088800000, 0x0000000088800000|
| 117|0x0000000088900000, 0x0000000088a00000, 0x0000000088a00000|100%| E|CS|TS  1|AC  0|TAMS 0x0000000088900000, 0x0000000088900000|
| 118|0x0000000088a00000, 0x0000000088b00000, 0x0000000088b00000|100%| E|CS|TS  1|AC  0|TAMS 0x0000000088a00000, 0x0000000088a00000|
| 119|0x0000000088b00000, 0x0000000088c00000, 0x0000000088c00000|100%| E|CS|TS  1|AC  0|TAMS 0x0000000088b00000, 0x0000000088b00000|
| 120|0x0000000088c00000, 0x0000000088d00000, 0x0000000088d00000|100%| E|CS|TS  1|AC  0|TAMS 0x0000000088c00000, 0x0000000088c00000|
| 121|0x0000000088d00000, 0x0000000088e00000, 0x0000000088e00000|100%| E|CS|TS  1|AC  0|TAMS 0x0000000088d00000, 0x0000000088d00000|
| 122|0x0000000088e00000, 0x0000000088f00000, 0x0000000088f00000|100%| E|CS|TS  1|AC  0|TAMS 0x0000000088e00000, 0x0000000088e00000|
| 123|0x0000000088f00000, 0x0000000089000000, 0x0000000089000000|100%| E|CS|TS  1|AC  0|TAMS 0x0000000088f00000, 0x0000000088f00000|
| 124|0x0000000089000000, 0x0000000089100000, 0x0000000089100000|100%| E|CS|TS  1|AC  0|TAMS 0x0000000089000000, 0x0000000089000000|
| 125|0x0000000089100000, 0x0000000089200000, 0x0000000089200000|100%| E|CS|TS  1|AC  0|TAMS 0x0000000089100000, 0x0000000089100000|
| 126|0x0000000089200000, 0x0000000089300000, 0x0000000089300000|100%| E|CS|TS  1|AC  0|TAMS 0x0000000089200000, 0x0000000089200000|
| 127|0x0000000089300000, 0x0000000089400000, 0x0000000089400000|100%| E|CS|TS  1|AC  0|TAMS 0x0000000089300000, 0x0000000089300000|

Card table byte_map: [0x000001e7d6e30000,0x000001e7d7230000] byte_map_base: 0x000001e7d6a26000

Marking Bits (Prev, Next): (CMBitMap*) 0x000001e7bec8a940, (CMBitMap*) 0x000001e7bec8a978
 Prev Bits: [0x000001e7d7630000, 0x000001e7d95e0000)
 Next Bits: [0x000001e7d95e0000, 0x000001e7db590000)

Polling page: 0x000001e7beaf0000

CodeHeap 'non-profiled nmethods': size=120064Kb used=566Kb max_used=566Kb free=119497Kb
 bounds [0x000001e7cebb0000, 0x000001e7cee20000, 0x000001e7d60f0000]
CodeHeap 'profiled nmethods': size=120000Kb used=2806Kb max_used=2806Kb free=117193Kb
 bounds [0x000001e7c7680000, 0x000001e7c7940000, 0x000001e7cebb0000]
CodeHeap 'non-nmethods': size=5696Kb used=1573Kb max_used=1588Kb free=4122Kb
 bounds [0x000001e7c70f0000, 0x000001e7c7360000, 0x000001e7c7680000]
 total_blobs=2619 nmethods=1391 adapters=833
 compilation: enabled

Compilation events (10 events):
Event: 2.205 Thread 0x000001e7de43d800 1386 %     4       sun.nio.cs.UTF_8$Decoder::decodeArrayLoop @ 73 (691 bytes)
Event: 2.213 Thread 0x000001e7de448800 nmethod 1365 0x000001e7cec39110 code [0x000001e7cec39300, 0x000001e7cec39c18]
Event: 2.213 Thread 0x000001e7de448800 1387       4       java.util.AbstractCollection::toArray (144 bytes)
Event: 2.213 Thread 0x000001e7de453000 1388       3       java.util.jar.JarFile::getManifestFromReference (113 bytes)
Event: 2.215 Thread 0x000001e7de453000 nmethod 1388 0x000001e7c7937e90 code [0x000001e7c7938240, 0x000001e7c7939bd0]
Event: 2.215 Thread 0x000001e7de453000 1389       3       java.util.jar.Attributes$Name::equals (39 bytes)
Event: 2.215 Thread 0x000001e7de453000 nmethod 1389 0x000001e7c793a410 code [0x000001e7c793a5e0, 0x000001e7c793aa90]
Event: 2.221 Thread 0x000001e7de453000 1390       3       java.lang.StringBuilder::<init> (18 bytes)
Event: 2.222 Thread 0x000001e7de453000 nmethod 1390 0x000001e7c793ab90 code [0x000001e7c793ad80, 0x000001e7c793b240]
Event: 2.222 Thread 0x000001e7de453000 1391 % !   3       java.io.BufferedReader::readLine @ 131 (304 bytes)

GC Heap History (2 events):
Event: 1.109 GC heap before
{Heap before GC invocations=0 (full 0):
 garbage-first heap   total 131072K, used 15360K [0x0000000081400000, 0x0000000081500400, 0x0000000100000000)
  region size 1024K, 14 young (14336K), 0 survivors (0K)
 Metaspace       used 14049K, capacity 14574K, committed 14848K, reserved 1062912K
  class space    used 1315K, capacity 1435K, committed 1536K, reserved 1048576K
}
Event: 1.115 GC heap after
{Heap after GC invocations=1 (full 0):
 garbage-first heap   total 131072K, used 3627K [0x0000000081400000, 0x0000000081500400, 0x0000000100000000)
  region size 1024K, 2 young (2048K), 2 survivors (2048K)
 Metaspace       used 14049K, capacity 14574K, committed 14848K, reserved 1062912K
  class space    used 1315K, capacity 1435K, committed 1536K, reserved 1048576K
}

Deoptimization events (10 events):
Event: 1.820 Thread 0x000001e7df035000 Uncommon trap: reason=class_check action=maybe_recompile pc=0x000001e7cec0b0d0 method=java.util.HashMap.putVal(ILjava/lang/Object;Ljava/lang/Object;ZZ)Ljava/lang/Object; @ 203 c2
Event: 1.821 Thread 0x000001e7df035000 Uncommon trap: reason=bimorphic_or_optimized_type_check action=maybe_recompile pc=0x000001e7cec0b0f4 method=java.util.HashMap.putVal(ILjava/lang/Object;Ljava/lang/Object;ZZ)Ljava/lang/Object; @ 91 c2
Event: 1.821 Thread 0x000001e7df035000 Uncommon trap: reason=class_check action=maybe_recompile pc=0x000001e7cec0b0d0 method=java.util.HashMap.putVal(ILjava/lang/Object;Ljava/lang/Object;ZZ)Ljava/lang/Object; @ 203 c2
Event: 1.821 Thread 0x000001e7df035000 Uncommon trap: reason=class_check action=maybe_recompile pc=0x000001e7cec0b0d0 method=java.util.HashMap.putVal(ILjava/lang/Object;Ljava/lang/Object;ZZ)Ljava/lang/Object; @ 203 c2
Event: 1.821 Thread 0x000001e7df035000 Uncommon trap: reason=bimorphic_or_optimized_type_check action=maybe_recompile pc=0x000001e7cec0b0f4 method=java.util.HashMap.putVal(ILjava/lang/Object;Ljava/lang/Object;ZZ)Ljava/lang/Object; @ 91 c2
Event: 1.875 Thread 0x000001e7bebec000 Uncommon trap: reason=unstable_if action=reinterpret pc=0x000001e7cebffbe4 method=java.lang.StringUTF16.compress([CI[BII)I @ 20 c2
Event: 1.886 Thread 0x000001e7bebec000 Uncommon trap: reason=unstable_if action=reinterpret pc=0x000001e7cebf4934 method=java.lang.String.startsWith(Ljava/lang/String;I)Z @ 14 c2
Event: 1.938 Thread 0x000001e7bebec000 Uncommon trap: reason=unstable_if action=reinterpret pc=0x000001e7cec1f780 method=java.util.Arrays.equals([Ljava/lang/Object;[Ljava/lang/Object;)Z @ 23 c2
Event: 2.162 Thread 0x000001e7bebec000 Uncommon trap: reason=unstable_if action=reinterpret pc=0x000001e7cec31dfc method=universe.Ellipse.initData()V @ 110 c2
Event: 2.212 Thread 0x000001e7df23a000 Uncommon trap: reason=unstable_if action=reinterpret pc=0x000001e7cec36a74 method=java.io.BufferedReader.readLine(Z)Ljava/lang/String; @ 55 c2

Classes redefined (0 events):
No events

Internal exceptions (10 events):
Event: 1.758 Thread 0x000001e7bebec000 Exception <a 'java/lang/NoSuchMethodError'{0x0000000087b567f0}: method resolution failed> (0x0000000087b567f0) thrown at [t:/workspace/hotspot/src/share/vm/prims/methodHandles.cpp, line 1256]
Event: 1.759 Thread 0x000001e7bebec000 Exception <a 'java/lang/NoSuchMethodError'{0x0000000087b5dd60}: java.lang.invoke.DirectMethodHandle$Holder.invokeStatic(Ljava/lang/Object;ILjava/lang/Object;Ljava/lang/Object;Ljava/lang/Object;)Ljava/lang/Object;> (0x0000000087b5dd60) thrown at [t:/worksp
Event: 1.759 Thread 0x000001e7bebec000 Exception <a 'java/lang/NoSuchMethodError'{0x0000000087b61a58}: method resolution failed> (0x0000000087b61a58) thrown at [t:/workspace/hotspot/src/share/vm/prims/methodHandles.cpp, line 1256]
Event: 1.795 Thread 0x000001e7bebec000 Exception <a 'java/lang/ClassNotFoundException'{0x0000000087a22b88}: com/sun/swing/internal/plaf/metal/resources/spi/metalProvider> (0x0000000087a22b88) thrown at [t:/workspace/hotspot/src/share/vm/classfile/systemDictionary.cpp, line 218]
Event: 1.797 Thread 0x000001e7bebec000 Exception <a 'java/lang/ClassNotFoundException'{0x0000000087a278e8}: com/sun/swing/internal/plaf/basic/resources/spi/basicProvider> (0x0000000087a278e8) thrown at [t:/workspace/hotspot/src/share/vm/classfile/systemDictionary.cpp, line 218]
Event: 1.805 Thread 0x000001e7bebec000 Implicit null exception at 0x000001e7cec1afd8 to 0x000001e7cec1b066
Event: 1.894 Thread 0x000001e7bebec000 Exception <a 'java/lang/NoSuchMethodError'{0x00000000877a2cf8}: java.lang.invoke.DirectMethodHandle$Holder.invokeStatic(Ljava/lang/Object;Ljava/lang/Object;Ljava/lang/Object;Ljava/lang/Object;Ljava/lang/Object;Ljava/lang/Object;Ljava/lang/Object;Ljava/lan
Event: 1.896 Thread 0x000001e7bebec000 Exception <a 'java/lang/NoSuchMethodError'{0x00000000877c1498}: java.lang.invoke.DirectMethodHandle$Holder.invokeStatic(Ljava/lang/Object;Ljava/lang/Object;Ljava/lang/Object;Ljava/lang/Object;Ljava/lang/Object;Ljava/lang/Object;Ljava/lang/Object;Ljava/lan
Event: 1.899 Thread 0x000001e7bebec000 Exception <a 'java/lang/NoSuchMethodError'{0x00000000877e0978}: java.lang.invoke.DirectMethodHandle$Holder.invokeStatic(Ljava/lang/Object;Ljava/lang/Object;Ljava/lang/Object;Ljava/lang/Object;Ljava/lang/Object;Ljava/lang/Object;Ljava/lang/Object;Ljava/lan
Event: 1.914 Thread 0x000001e7bebec000 Exception <a 'java/lang/reflect/InvocationTargetException'{0x00000000877fea50}> (0x00000000877fea50) thrown at [t:/workspace/hotspot/src/share/vm/runtime/reflection.cpp, line 1213]

Events (10 events):
Event: 2.183 loading class com/jogamp/opengl/util/FPSAnimator$MainTask done
Event: 2.200 Thread 0x000001e7bebec000 Thread exited: 0x000001e7bebec000
Event: 2.201 Thread 0x000001e7bebec000 Thread added: 0x000001e7bebec000
Event: 2.212 Thread 0x000001e7df23a000 Uncommon trap: trap_request=0xffffff5d fr.pc=0x000001e7cec36a74 relative=0x0000000000000cd4
Event: 2.212 Thread 0x000001e7df23a000 DEOPT PACKING pc=0x000001e7cec36a74 sp=0x00000015f6ffaee0
Event: 2.212 Thread 0x000001e7df23a000 DEOPT UNPACKING pc=0x000001e7c713da29 sp=0x00000015f6ffae80 mode 2
Event: 2.212 loading class com/jogamp/opengl/math/FloatUtil
Event: 2.212 loading class com/jogamp/opengl/math/FloatUtil done
Event: 2.218 loading class com/jogamp/opengl/math/VectorUtil
Event: 2.218 loading class com/jogamp/opengl/math/VectorUtil done


Dynamic libraries:
0x00007ff780fe0000 - 0x00007ff78101e000 	C:\Program Files\Java\jre-9.0.1\bin\javaw.exe
0x00007ffe59740000 - 0x00007ffe59920000 	C:\Windows\SYSTEM32\ntdll.dll
0x00007ffe43c90000 - 0x00007ffe43cc4000 	C:\Program Files\AVAST Software\Avast\x64\aswhooka.dll
0x00007ffe578c0000 - 0x00007ffe5796e000 	C:\Windows\System32\KERNEL32.DLL
0x00007ffe566f0000 - 0x00007ffe56956000 	C:\Windows\System32\KERNELBASE.dll
0x00007ffe56d90000 - 0x00007ffe56e31000 	C:\Windows\System32\ADVAPI32.dll
0x00007ffe56ff0000 - 0x00007ffe5708d000 	C:\Windows\System32\msvcrt.dll
0x00007ffe57cd0000 - 0x00007ffe57d2b000 	C:\Windows\System32\sechost.dll
0x00007ffe56c10000 - 0x00007ffe56d2f000 	C:\Windows\System32\RPCRT4.dll
0x00007ffe57d30000 - 0x00007ffe57ebf000 	C:\Windows\System32\USER32.dll
0x00007ffe566d0000 - 0x00007ffe566f0000 	C:\Windows\System32\win32u.dll
0x00007ffe58210000 - 0x00007ffe58238000 	C:\Windows\System32\GDI32.dll
0x00007ffe56430000 - 0x00007ffe565c3000 	C:\Windows\System32\gdi32full.dll
0x00007ffe56390000 - 0x00007ffe5642b000 	C:\Windows\System32\msvcp_win.dll
0x00007ffe565d0000 - 0x00007ffe566c6000 	C:\Windows\System32\ucrtbase.dll
0x00007ffe48500000 - 0x00007ffe48769000 	C:\Windows\WinSxS\amd64_microsoft.windows.common-controls_6595b64144ccf1df_6.0.16299.125_none_15cbcf8893620c09\COMCTL32.dll
0x00007ffe575b0000 - 0x00007ffe578b8000 	C:\Windows\System32\combase.dll
0x00007ffe569c0000 - 0x00007ffe56a32000 	C:\Windows\System32\bcryptPrimitives.dll
0x00007ffe47390000 - 0x00007ffe4739a000 	C:\Windows\SYSTEM32\VERSION.dll
0x00007ffe596e0000 - 0x00007ffe5970d000 	C:\Windows\System32\IMM32.DLL
0x00007ffe34030000 - 0x00007ffe3411f000 	C:\Program Files\Java\jre-9.0.1\bin\msvcr120.dll
0x00007ffe36d80000 - 0x00007ffe36e26000 	C:\Program Files\Java\jre-9.0.1\bin\msvcp120.dll
0x0000000070140000 - 0x0000000070b64000 	C:\Program Files\Java\jre-9.0.1\bin\server\jvm.dll
0x00007ffe56e40000 - 0x00007ffe56e48000 	C:\Windows\System32\PSAPI.DLL
0x00007ffe52050000 - 0x00007ffe52059000 	C:\Windows\SYSTEM32\WSOCK32.dll
0x00007ffe57a80000 - 0x00007ffe57aec000 	C:\Windows\System32\WS2_32.dll
0x00007ffe4d270000 - 0x00007ffe4d293000 	C:\Windows\SYSTEM32\WINMM.dll
0x00007ffe4d020000 - 0x00007ffe4d04a000 	C:\Windows\SYSTEM32\WINMMBASE.dll
0x00007ffe55b40000 - 0x00007ffe55b8a000 	C:\Windows\System32\cfgmgr32.dll
0x00007ffe52040000 - 0x00007ffe5204f000 	C:\Program Files\Java\jre-9.0.1\bin\verify.dll
0x00007ffe49a70000 - 0x00007ffe49a97000 	C:\Program Files\Java\jre-9.0.1\bin\java.dll
0x00007ffe50880000 - 0x00007ffe50896000 	C:\Program Files\Java\jre-9.0.1\bin\zip.dll
0x00007ffe52030000 - 0x00007ffe5203a000 	C:\Program Files\Java\jre-9.0.1\bin\jimage.dll
0x00007ffe582a0000 - 0x00007ffe596d6000 	C:\Windows\System32\SHELL32.dll
0x00007ffe574e0000 - 0x00007ffe57586000 	C:\Windows\System32\shcore.dll
0x00007ffe55c40000 - 0x00007ffe56387000 	C:\Windows\System32\windows.storage.dll
0x00007ffe57ec0000 - 0x00007ffe57f11000 	C:\Windows\System32\shlwapi.dll
0x00007ffe55b00000 - 0x00007ffe55b11000 	C:\Windows\System32\kernel.appcore.dll
0x00007ffe55ab0000 - 0x00007ffe55afc000 	C:\Windows\System32\powrprof.dll
0x00007ffe55a90000 - 0x00007ffe55aab000 	C:\Windows\System32\profapi.dll
0x00007ffe4f6b0000 - 0x00007ffe4f6ca000 	C:\Program Files\Java\jre-9.0.1\bin\net.dll
0x00007ffe51b20000 - 0x00007ffe51bfe000 	C:\Windows\SYSTEM32\WINHTTP.dll
0x00007ffe552c0000 - 0x00007ffe55326000 	C:\Windows\system32\mswsock.dll
0x00007ffe4f400000 - 0x00007ffe4f411000 	C:\Program Files\Java\jre-9.0.1\bin\nio.dll
0x00007ffe55480000 - 0x00007ffe55497000 	C:\Windows\SYSTEM32\CRYPTSP.dll
0x00007ffe54ed0000 - 0x00007ffe54f03000 	C:\Windows\system32\rsaenh.dll
0x00007ffe555f0000 - 0x00007ffe55615000 	C:\Windows\SYSTEM32\bcrypt.dll
0x00007ffe559c0000 - 0x00007ffe559e9000 	C:\Windows\SYSTEM32\USERENV.dll
0x00007ffe554a0000 - 0x00007ffe554ab000 	C:\Windows\SYSTEM32\CRYPTBASE.dll
0x00007ffe55050000 - 0x00007ffe55089000 	C:\Windows\SYSTEM32\IPHLPAPI.DLL
0x00007ffe57cc0000 - 0x00007ffe57cc8000 	C:\Windows\System32\NSI.dll
0x00007ffe50cc0000 - 0x00007ffe50cd6000 	C:\Windows\SYSTEM32\dhcpcsvc6.DLL
0x00007ffe50dd0000 - 0x00007ffe50dea000 	C:\Windows\SYSTEM32\dhcpcsvc.DLL
0x00007ffe53f30000 - 0x00007ffe53fb8000 	C:\Windows\system32\apphelp.dll
0x00000000637c0000 - 0x00000000637cd000 	C:\Users\Haubold\AppData\Local\Temp\jogamp_0000\file_cache\jln4090963378210869690\jln12350414411414150753\natives\windows-amd64\gluegen-rt.dll
0x00007ffe290b0000 - 0x00007ffe29249000 	C:\Program Files\Java\jre-9.0.1\bin\awt.dll
0x00007ffe57fd0000 - 0x00007ffe58095000 	C:\Windows\System32\OLEAUT32.dll
0x00007ffe53440000 - 0x00007ffe539f8000 	C:\Windows\SYSTEM32\d2d1.dll
0x00007ffe56a40000 - 0x00007ffe56c0e000 	C:\Windows\System32\CRYPT32.dll
0x00007ffe55b20000 - 0x00007ffe55b32000 	C:\Windows\System32\MSASN1.dll
0x00007ffe54250000 - 0x00007ffe542e5000 	C:\Windows\system32\uxtheme.dll
0x00007ffe580a0000 - 0x00007ffe58207000 	C:\Windows\System32\MSCTF.dll
0x00007ffe54370000 - 0x00007ffe5439a000 	C:\Windows\system32\dwmapi.dll
0x00007ffe57b70000 - 0x00007ffe57cb9000 	C:\Windows\System32\ole32.dll
0x00007ffe51790000 - 0x00007ffe51797000 	C:\Program Files\Java\jre-9.0.1\bin\jawt.dll
0x000000006a440000 - 0x000000006a44d000 	C:\Users\Haubold\AppData\Local\Temp\jogamp_0000\file_cache\jln4090963378210869690\jln12350414411414150753\natives\windows-amd64\nativewindow_awt.dll
0x00007ffe419e0000 - 0x00007ffe41afe000 	C:\Windows\system32\opengl32.dll
0x00007ffe4a540000 - 0x00007ffe4a56c000 	C:\Windows\SYSTEM32\GLU32.dll
0x000000006c100000 - 0x000000006c10f000 	C:\Users\Haubold\AppData\Local\Temp\jogamp_0000\file_cache\jln4090963378210869690\jln12350414411414150753\natives\windows-amd64\nativewindow_win32.dll
0x0000000064500000 - 0x00000000645b1000 	C:\Users\Haubold\AppData\Local\Temp\jogamp_0000\file_cache\jln4090963378210869690\jln12350414411414150753\natives\windows-amd64\jogl_desktop.dll
0x00007ffe27fe0000 - 0x00007ffe28257000 	C:\Program Files\MiKTeX 2.9\miktex\bin\x64\libGLESv2.dll
0x00007ffe24a80000 - 0x00007ffe24c15000 	C:\Windows\SYSTEM32\d3d9.dll
0x00007ffe34230000 - 0x00007ffe342cc000 	C:\Program Files\Java\jre-9.0.1\bin\MSVCP140.dll
0x00007ffe44f20000 - 0x00007ffe44f36000 	C:\Program Files\Java\jre-9.0.1\bin\VCRUNTIME140.dll
0x0000000064340000 - 0x00000000643a2000 	C:\Users\Haubold\AppData\Local\Temp\jogamp_0000\file_cache\jln4090963378210869690\jln12350414411414150753\natives\windows-amd64\jogl_mobile.dll
0x00007ffe216a0000 - 0x00007ffe223c8000 	C:\Windows\SYSTEM32\ig9icd64.dll
0x00007ffe487d0000 - 0x00007ffe49641000 	C:\Windows\SYSTEM32\igc64.dll
0x00007ffe518a0000 - 0x00007ffe518b3000 	C:\Windows\SYSTEM32\WTSAPI32.dll
0x00007ffe2abf0000 - 0x00007ffe2ac8d000 	C:\Program Files\Java\jre-9.0.1\bin\fontmanager.dll
0x00007ffe51650000 - 0x00007ffe516e8000 	C:\Windows\System32\TextInputFramework.dll
0x00007ffe4c630000 - 0x00007ffe4c91e000 	C:\Windows\System32\CoreUIComponents.dll
0x00007ffe53360000 - 0x00007ffe5343d000 	C:\Windows\System32\CoreMessaging.dll
0x00007ffe54bd0000 - 0x00007ffe54c01000 	C:\Windows\SYSTEM32\ntmarta.dll
0x00007ffe52440000 - 0x00007ffe52576000 	C:\Windows\SYSTEM32\wintypes.dll
0x00007ffe4fe70000 - 0x00007ffe50038000 	C:\Windows\SYSTEM32\dbghelp.dll

VM Arguments:
jvm_args: -Dfile.encoding=UTF-8 
java_command: client.App
java_class_path (initial): C:\Users\Haubold\workspace\workspace\OPENGL\target\classes;C:\Users\Haubold\workspace\jogamp-all-platforms\jar\gluegen-rt.jar;C:\Users\Haubold\workspace\jogamp-all-platforms\jar\jogl-all.jar;C:\Users\Haubold\.p2\pool\plugins\org.junit_4.12.0.v201504281640\junit.jar;C:\Users\Haubold\.p2\pool\plugins\org.hamcrest.core_1.3.0.v201303031735.jar;C:\Users\Haubold\.m2\repository\org\jdom\jdom\1.1\jdom-1.1.jar
Launcher Type: SUN_STANDARD

Logging:
Log output configuration:
#0: stdout all=warning uptime,level,tags
#1: stderr all=off uptime,level,tags

Environment Variables:
JAVA_HOME=C:\Program Files\Java\jdk-9.0.1
PATH=C:\ProgramData\Oracle\Java\javapath;C:\Windows\system32;C:\Windows;C:\Windows\System32\Wbem;C:\Windows\System32\WindowsPowerShell\v1.0\;C:\Program Files\MiKTeX 2.9\miktex\bin\x64\;C:\Users\Haubold\AppData\Local\Microsoft\WindowsApps;C:\Program Files\Maven\apache-maven-3.5.2-bin\apache-maven-3.5.2\bin
USERNAME=Haubold
OS=Windows_NT
PROCESSOR_IDENTIFIER=Intel64 Family 6 Model 78 Stepping 3, GenuineIntel



---------------  S Y S T E M  ---------------

OS: Windows 10 , 64 bit Build 16299 (10.0.16299.15)

CPU:total 4 (initial active 4) (2 cores per cpu, 2 threads per core) family 6 model 78 stepping 3, cmov, cx8, fxsr, mmx, sse, sse2, sse3, ssse3, sse4.1, sse4.2, popcnt, aes, clmul, erms, 3dnowpref, lzcnt, ht, tsc, tscinvbit

Memory: 4k page, physical 8304436k(4782200k free), swap 15229648k(10988196k free)

vm_info: Java HotSpot(TM) 64-Bit Server VM (9.0.1+11) for windows-amd64 JRE (9.0.1+11), built on Sep 28 2017 04:54:03 by "mach5one" with MS VC++ 12.0 (VS2013)

END.
