#
# There is insufficient memory for the Java Runtime Environment to continue.
# Native memory allocation (mmap) failed to map 134217728 bytes for Failed to commit area from 0x0000000081400000 to 0x0000000089400000 of length 134217728.
# Possible reasons:
#   The system is out of physical RAM or swap space
#   The process is running with CompressedOops enabled, and the Java Heap may be blocking the growth of the native heap
# Possible solutions:
#   Reduce memory load on the system
#   Increase physical memory or swap space
#   Check if swap backing store is full
#   Decrease Java heap size (-Xmx/-Xms)
#   Decrease number of Java threads
#   Decrease Java thread stack sizes (-Xss)
#   Set larger code cache with -XX:ReservedCodeCacheSize=
# This output file may be truncated or incomplete.
#
#  Out of Memory Error (t:/workspace/hotspot/src/os/windows/vm/os_windows.cpp:3357), pid=22676, tid=708
#
# JRE version:  (9.0+11) (build )
# Java VM: Java HotSpot(TM) 64-Bit Server VM (9.0.1+11, mixed mode, tiered, compressed oops, g1 gc, windows-amd64)
# No core dump will be written. Minidumps are not enabled by default on client versions of Windows
#

---------------  S U M M A R Y ------------

Command Line: -Dfile.encoding=UTF-8 client.App

Host: Intel(R) Pentium(R) CPU 4405U @ 2.10GHz, 4 cores, 7G,  Windows 10 , 64 bit Build 16299 (10.0.16299.15)
Time: Wed Dec 06 18:59:03 2017 Mitteleuropäische Zeit elapsed time: 0 seconds (0d 0h 0m 0s)

---------------  T H R E A D  ---------------

Current thread (0x0000019be6afc000):  JavaThread "Unknown thread" [_thread_in_vm, id=708, stack(0x0000009bac900000,0x0000009baca00000)]

Stack: [0x0000009bac900000,0x0000009baca00000]
Native frames: (J=compiled Java code, j=interpreted, Vv=VM code, C=native code)
V  [jvm.dll+0x5870b8]
V  [jvm.dll+0x69c0ee]
V  [jvm.dll+0x69d00a]
V  [jvm.dll+0x69d643]
V  [jvm.dll+0x21d148]
V  [jvm.dll+0x584bf4]
V  [jvm.dll+0x57a005]
V  [jvm.dll+0x2cd46b]
V  [jvm.dll+0x2cd3d3]
V  [jvm.dll+0x2cd2a2]
V  [jvm.dll+0x2cf2a3]
V  [jvm.dll+0x319203]
V  [jvm.dll+0x319916]
V  [jvm.dll+0x319303]
V  [jvm.dll+0x2adbf8]
V  [jvm.dll+0x2aee37]
V  [jvm.dll+0x67b1ed]
V  [jvm.dll+0x67c5ac]
V  [jvm.dll+0x3269c9]
V  [jvm.dll+0x6653ee]
V  [jvm.dll+0x391931]
V  [jvm.dll+0x3938e1]
C  [javaw.exe+0x3501]
C  [javaw.exe+0xe25f]
C  [javaw.exe+0xe406]
C  [KERNEL32.DLL+0x11fe4]
C  [ntdll.dll+0x6ef91]


---------------  P R O C E S S  ---------------

Java Threads: ( => current thread )

Other Threads:
  0x0000019be6b13800 GCTaskThread "GC Thread#0" [stack: 0x0000009baca00000,0x0000009bacb00000] [id=20976]
  0x0000019be6b15000 GCTaskThread "GC Thread#1" [stack: 0x0000009bacb00000,0x0000009bacc00000] [id=21724]
  0x0000019be6b18800 GCTaskThread "GC Thread#2" [stack: 0x0000009bacc00000,0x0000009bacd00000] [id=20444]
  0x0000019be6b1c000 GCTaskThread "GC Thread#3" [stack: 0x0000009bacd00000,0x0000009bace00000] [id=20388]
  0x0000019be6b9c000 ConcurrentGCThread "G1 Main Marker" [stack: 0x0000009bad300000,0x0000009bad400000] [id=2200]
  0x0000019be6b9f000 ConcurrentGCThread "G1 Marker#0" [stack: 0x0000009bad400000,0x0000009bad500000] [id=21392]
  0x0000019be6b2b000 ConcurrentGCThread "G1 Refine#0" [stack: 0x0000009bad100000,0x0000009bad200000] [id=21744]
  0x0000019be6b29800 ConcurrentGCThread "G1 Refine#1" [stack: 0x0000009bad000000,0x0000009bad100000] [id=20948]
  0x0000019be6b23000 ConcurrentGCThread "G1 Refine#2" [stack: 0x0000009bacf00000,0x0000009bad000000] [id=20700]
  0x0000019be6b1f000 ConcurrentGCThread "G1 Refine#3" [stack: 0x0000009bace00000,0x0000009bacf00000] [id=20696]
  0x0000019be6b2e800 ConcurrentGCThread "G1 Young RemSet Sampling" [stack: 0x0000009bad200000,0x0000009bad300000] [id=6960]

=>0x0000019be6afc000 (exited) JavaThread "Unknown thread" [_thread_in_vm, id=708, stack(0x0000009bac900000,0x0000009baca00000)]

Threads with active compile tasks:

VM state:not at safepoint (not fully initialized)

VM Mutex/Monitor currently owned by a thread:  ([mutex/lock_event])
[0x0000019be6afa270] Heap_lock - owner thread: 0x0000019be6afc000

Heap address: 0x0000000081400000, size: 2028 MB, Compressed Oops mode: Non-zero based: 0x0000000081400000
Narrow klass base: 0x0000000000000000, Narrow klass shift: 0

GC Heap History (0 events):
No events

Deoptimization events (0 events):
No events

Classes redefined (0 events):
No events

Internal exceptions (0 events):
No events

Events (0 events):
No events


Dynamic libraries:
0x00007ff6cb780000 - 0x00007ff6cb7be000 	C:\Program Files\Java\jre-9.0.1\bin\javaw.exe
0x00007ffa68f10000 - 0x00007ffa690f0000 	C:\Windows\SYSTEM32\ntdll.dll
0x00007ffa56260000 - 0x00007ffa56294000 	C:\Program Files\AVAST Software\Avast\x64\aswhooka.dll
0x00007ffa68250000 - 0x00007ffa682fe000 	C:\Windows\System32\KERNEL32.DLL
0x00007ffa660d0000 - 0x00007ffa66336000 	C:\Windows\System32\KERNELBASE.dll
0x00007ffa68930000 - 0x00007ffa689d1000 	C:\Windows\System32\ADVAPI32.dll
0x00007ffa67e00000 - 0x00007ffa67e9d000 	C:\Windows\System32\msvcrt.dll
0x00007ffa683b0000 - 0x00007ffa6840b000 	C:\Windows\System32\sechost.dll
0x00007ffa68410000 - 0x00007ffa6852f000 	C:\Windows\System32\RPCRT4.dll
0x00007ffa68d50000 - 0x00007ffa68edf000 	C:\Windows\System32\USER32.dll
0x00007ffa65900000 - 0x00007ffa65920000 	C:\Windows\System32\win32u.dll
0x00007ffa67f20000 - 0x00007ffa67f48000 	C:\Windows\System32\GDI32.dll
0x00007ffa65460000 - 0x00007ffa655f4000 	C:\Windows\System32\gdi32full.dll
0x00007ffa66340000 - 0x00007ffa663db000 	C:\Windows\System32\msvcp_win.dll
0x00007ffa65360000 - 0x00007ffa65456000 	C:\Windows\System32\ucrtbase.dll
0x00007ffa59060000 - 0x00007ffa592c9000 	C:\Windows\WinSxS\amd64_microsoft.windows.common-controls_6595b64144ccf1df_6.0.16299.64_none_cc9304e22215ca8f\COMCTL32.dll
0x00007ffa68a20000 - 0x00007ffa68d28000 	C:\Windows\System32\combase.dll
0x00007ffa65600000 - 0x00007ffa65672000 	C:\Windows\System32\bcryptPrimitives.dll
0x00007ffa54540000 - 0x00007ffa5454a000 	C:\Windows\SYSTEM32\VERSION.dll
0x00007ffa689e0000 - 0x00007ffa68a0d000 	C:\Windows\System32\IMM32.DLL
0x00007ffa52c60000 - 0x00007ffa52d4f000 	C:\Program Files\Java\jre-9.0.1\bin\msvcr120.dll
0x00007ffa51c00000 - 0x00007ffa51ca6000 	C:\Program Files\Java\jre-9.0.1\bin\msvcp120.dll
0x0000000052360000 - 0x0000000052d84000 	C:\Program Files\Java\jre-9.0.1\bin\server\jvm.dll
0x00007ffa68a10000 - 0x00007ffa68a18000 	C:\Windows\System32\PSAPI.DLL
0x00007ffa62040000 - 0x00007ffa62049000 	C:\Windows\SYSTEM32\WSOCK32.dll
0x00007ffa681e0000 - 0x00007ffa6824c000 	C:\Windows\System32\WS2_32.dll
0x00007ffa636a0000 - 0x00007ffa636c3000 	C:\Windows\SYSTEM32\WINMM.dll
0x00007ffa63640000 - 0x00007ffa6366a000 	C:\Windows\SYSTEM32\WINMMBASE.dll
0x00007ffa65310000 - 0x00007ffa6535a000 	C:\Windows\System32\cfgmgr32.dll
0x00007ffa62030000 - 0x00007ffa6203f000 	C:\Program Files\Java\jre-9.0.1\bin\verify.dll
0x00007ffa60e30000 - 0x00007ffa60e57000 	C:\Program Files\Java\jre-9.0.1\bin\java.dll
0x00007ffa5e3d0000 - 0x00007ffa5e3e6000 	C:\Program Files\Java\jre-9.0.1\bin\zip.dll
0x00007ffa62020000 - 0x00007ffa6202a000 	C:\Program Files\Java\jre-9.0.1\bin\jimage.dll
0x00007ffa4ed70000 - 0x00007ffa4ef38000 	C:\Windows\SYSTEM32\dbghelp.dll

VM Arguments:
jvm_args: -Dfile.encoding=UTF-8 
java_command: client.App
java_class_path (initial): C:\Users\Haubold\workspace\workspace\OPENGL\target\classes;C:\Users\Haubold\workspace\jogamp-all-platforms\jar\gluegen-rt.jar;C:\Users\Haubold\workspace\jogamp-all-platforms\jar\jogl-all.jar;C:\Users\Haubold\.p2\pool\plugins\org.junit_4.12.0.v201504281640\junit.jar;C:\Users\Haubold\.p2\pool\plugins\org.hamcrest.core_1.3.0.v201303031735.jar;C:\Users\Haubold\.m2\repository\org\jdom\jdom\1.1\jdom-1.1.jar
Launcher Type: SUN_STANDARD

Logging:
Log output configuration:
#0: stdout all=warning uptime,level,tags
#1: stderr all=off uptime,level,tags

Environment Variables:
JAVA_HOME=C:\Program Files\Java\jdk-9.0.1
PATH=C:\ProgramData\Oracle\Java\javapath;C:\Windows\system32;C:\Windows;C:\Windows\System32\Wbem;C:\Windows\System32\WindowsPowerShell\v1.0\;C:\Program Files\MiKTeX 2.9\miktex\bin\x64\;C:\Users\Haubold\AppData\Local\Microsoft\WindowsApps;C:\Program Files\Maven\apache-maven-3.5.2-bin\apache-maven-3.5.2\bin
USERNAME=Haubold
OS=Windows_NT
PROCESSOR_IDENTIFIER=Intel64 Family 6 Model 78 Stepping 3, GenuineIntel



---------------  S Y S T E M  ---------------

OS: Windows 10 , 64 bit Build 16299 (10.0.16299.15)

CPU:total 4 (initial active 4) (2 cores per cpu, 2 threads per core) family 6 model 78 stepping 3, cmov, cx8, fxsr, mmx, sse, sse2, sse3, ssse3, sse4.1, sse4.2, popcnt, aes, clmul, erms, 3dnowpref, lzcnt, ht, tsc, tscinvbit

Memory: 4k page, physical 8304436k(607244k free), swap 33470260k(46920k free)

vm_info: Java HotSpot(TM) 64-Bit Server VM (9.0.1+11) for windows-amd64 JRE (9.0.1+11), built on Sep 28 2017 04:54:03 by "mach5one" with MS VC++ 12.0 (VS2013)

END.
