#
# A fatal error has been detected by the Java Runtime Environment:
#
#  EXCEPTION_ACCESS_VIOLATION (0xc0000005) at pc=0x00007ffe2183269e, pid=21988, tid=8748
#
# JRE version: Java(TM) SE Runtime Environment (9.0+11) (build 9.0.1+11)
# Java VM: Java HotSpot(TM) 64-Bit Server VM (9.0.1+11, mixed mode, tiered, compressed oops, g1 gc, windows-amd64)
# Problematic frame:
# C  [ig9icd64.dll+0x19269e]
#
# No core dump will be written. Minidumps are not enabled by default on client versions of Windows
#
# If you would like to submit a bug report, please visit:
#   http://bugreport.java.com/bugreport/crash.jsp
# The crash happened outside the Java Virtual Machine in native code.
# See problematic frame for where to report the bug.
#

---------------  S U M M A R Y ------------

Command Line: -Dfile.encoding=UTF-8 client.App

Host: Intel(R) Pentium(R) CPU 4405U @ 2.10GHz, 4 cores, 7G,  Windows 10 , 64 bit Build 16299 (10.0.16299.15)
Time: Wed Dec 20 14:05:19 2017 Mitteleuropäische Zeit elapsed time: 2 seconds (0d 0h 0m 2s)

---------------  T H R E A D  ---------------

Current thread (0x0000024ce5806800):  JavaThread "AWT-EventQueue-0" [_thread_in_native, id=8748, stack(0x000000f0fcb00000,0x000000f0fcc00000)]

Stack: [0x000000f0fcb00000,0x000000f0fcc00000],  sp=0x000000f0fcbfa880,  free space=1002k
Native frames: (J=compiled Java code, j=interpreted, Vv=VM code, C=native code)
C  [ig9icd64.dll+0x19269e]
C  [ig9icd64.dll+0x35e615]
C  [ig9icd64.dll+0x4ff3df]
C  [jogl_desktop.dll+0x1f50f]
C  0x0000024ccd77919c

Java frames: (J=compiled Java code, j=interpreted, Vv=VM code)
j  jogamp.opengl.gl4.GL4bcImpl.dispatch_glShaderSource1(II[Ljava/lang/String;Ljava/lang/Object;IZJ)V+0
j  jogamp.opengl.gl4.GL4bcImpl.glShaderSource(II[Ljava/lang/String;[II)V+110
j  universe.Utils.compileSource([Ljava/lang/String;[Ljava/lang/String;Lcom/jogamp/opengl/GL2;)I+16
j  universe.Star.renderStars(Lcom/jogamp/opengl/GL2;Ljava/util/List;F)V+28
j  client.App.display(Lcom/jogamp/opengl/GLAutoDrawable;)V+122
j  jogamp.opengl.GLDrawableHelper.displayImpl(Lcom/jogamp/opengl/GLAutoDrawable;)V+62
j  jogamp.opengl.GLDrawableHelper.display(Lcom/jogamp/opengl/GLAutoDrawable;)V+2
j  com.jogamp.opengl.awt.GLCanvas$11.run()V+118
j  jogamp.opengl.GLDrawableHelper.invokeGLImpl(Lcom/jogamp/opengl/GLDrawable;Lcom/jogamp/opengl/GLContext;Ljava/lang/Runnable;Ljava/lang/Runnable;)V+203
j  jogamp.opengl.GLDrawableHelper.invokeGL(Lcom/jogamp/opengl/GLDrawable;Lcom/jogamp/opengl/GLContext;Ljava/lang/Runnable;Ljava/lang/Runnable;)V+72
j  com.jogamp.opengl.awt.GLCanvas$12.run()V+104
j  com.jogamp.opengl.Threading.invoke(ZLjava/lang/Runnable;Ljava/lang/Object;)V+27
j  com.jogamp.opengl.awt.GLCanvas.display()V+64
j  com.jogamp.opengl.awt.GLCanvas.paint(Ljava/awt/Graphics;)V+137
j  sun.awt.RepaintArea.paintComponent(Ljava/awt/Component;Ljava/awt/Graphics;)V+6 java.desktop@9.0.1
j  sun.awt.RepaintArea.paint(Ljava/lang/Object;Z)V+326 java.desktop@9.0.1
j  sun.awt.windows.WComponentPeer.handleEvent(Ljava/awt/AWTEvent;)V+155 java.desktop@9.0.1
j  java.awt.Component.dispatchEventImpl(Ljava/awt/AWTEvent;)V+733 java.desktop@9.0.1
j  java.awt.Component.dispatchEvent(Ljava/awt/AWTEvent;)V+2 java.desktop@9.0.1
j  java.awt.EventQueue.dispatchEventImpl(Ljava/awt/AWTEvent;Ljava/lang/Object;)V+41 java.desktop@9.0.1
j  java.awt.EventQueue.access$500(Ljava/awt/EventQueue;Ljava/awt/AWTEvent;Ljava/lang/Object;)V+3 java.desktop@9.0.1
j  java.awt.EventQueue$3.run()Ljava/lang/Void;+32 java.desktop@9.0.1
j  java.awt.EventQueue$3.run()Ljava/lang/Object;+1 java.desktop@9.0.1
v  ~StubRoutines::call_stub
j  java.security.AccessController.doPrivileged(Ljava/security/PrivilegedAction;Ljava/security/AccessControlContext;)Ljava/lang/Object;+0 java.base@9.0.1
j  java.security.ProtectionDomain$JavaSecurityAccessImpl.doIntersectionPrivilege(Ljava/security/PrivilegedAction;Ljava/security/AccessControlContext;Ljava/security/AccessControlContext;)Ljava/lang/Object;+18 java.base@9.0.1
j  java.security.ProtectionDomain$JavaSecurityAccessImpl.doIntersectionPrivilege(Ljava/security/PrivilegedAction;Ljava/security/AccessControlContext;)Ljava/lang/Object;+6 java.base@9.0.1
j  java.awt.EventQueue$4.run()Ljava/lang/Void;+11 java.desktop@9.0.1
j  java.awt.EventQueue$4.run()Ljava/lang/Object;+1 java.desktop@9.0.1
v  ~StubRoutines::call_stub
j  java.security.AccessController.doPrivileged(Ljava/security/PrivilegedAction;Ljava/security/AccessControlContext;)Ljava/lang/Object;+0 java.base@9.0.1
j  java.security.ProtectionDomain$JavaSecurityAccessImpl.doIntersectionPrivilege(Ljava/security/PrivilegedAction;Ljava/security/AccessControlContext;Ljava/security/AccessControlContext;)Ljava/lang/Object;+18 java.base@9.0.1
j  java.awt.EventQueue.dispatchEvent(Ljava/awt/AWTEvent;)V+73 java.desktop@9.0.1
j  java.awt.EventDispatchThread.pumpOneEventForFilters(I)V+183 java.desktop@9.0.1
j  java.awt.EventDispatchThread.pumpEventsForFilter(ILjava/awt/Conditional;Ljava/awt/EventFilter;)V+35 java.desktop@9.0.1
j  java.awt.EventDispatchThread.pumpEventsForHierarchy(ILjava/awt/Conditional;Ljava/awt/Component;)V+11 java.desktop@9.0.1
j  java.awt.EventDispatchThread.pumpEvents(ILjava/awt/Conditional;)V+4 java.desktop@9.0.1
j  java.awt.EventDispatchThread.pumpEvents(Ljava/awt/Conditional;)V+3 java.desktop@9.0.1
j  java.awt.EventDispatchThread.run()V+9 java.desktop@9.0.1
v  ~StubRoutines::call_stub

siginfo: EXCEPTION_ACCESS_VIOLATION (0xc0000005), reading address 0x0000000000000000


Register to memory mapping:

RIP=0x00007ffe2183269e ig9icd64.dll
RAX=0x0000000000000000 is an unknown value
RBX=0x0000000000000000 is an unknown value
RCX=0x0000024ce6b484f0 is an unknown value
RDX=0x0000000000000000 is an unknown value
RSP=0x000000f0fcbfa880 is pointing into the stack for thread: 0x0000024ce5806800
RBP=0x0000024ce4c2f130 is an unknown value
RSI=0x0000000000000001 is an unknown value
RDI=0x0000000000000000 is an unknown value
R8 =0x000000f0fcbfa888 is pointing into the stack for thread: 0x0000024ce5806800
R9 =0x0000000000000000 is an unknown value
R10=0x0000024cc5270d80 is an unknown value
R11=0x000000f0fcbfa730 is pointing into the stack for thread: 0x0000024ce5806800
R12=0x0000000000000000 is an unknown value
R13=0x0000024ce6e58cc0 is an unknown value
R14=0x0000000000000001 is an unknown value
R15=0x0000000000000000 is an unknown value


Registers:
RAX=0x0000000000000000, RBX=0x0000000000000000, RCX=0x0000024ce6b484f0, RDX=0x0000000000000000
RSP=0x000000f0fcbfa880, RBP=0x0000024ce4c2f130, RSI=0x0000000000000001, RDI=0x0000000000000000
R8 =0x000000f0fcbfa888, R9 =0x0000000000000000, R10=0x0000024cc5270d80, R11=0x000000f0fcbfa730
R12=0x0000000000000000, R13=0x0000024ce6e58cc0, R14=0x0000000000000001, R15=0x0000000000000000
RIP=0x00007ffe2183269e, EFLAGS=0x0000000000010246

Top of Stack: (sp=0x000000f0fcbfa880)
0x000000f0fcbfa880:   0000024ce4c2f1e0 0000024ce6e58cc0
0x000000f0fcbfa890:   0000024ce6e58cc0 00000000708072c0
0x000000f0fcbfa8a0:   0000024ce5806a18 0000000000000001
0x000000f0fcbfa8b0:   0000000000000000 00007ffe21f4a990
0x000000f0fcbfa8c0:   0000000000000001 00007ffe219fe615
0x000000f0fcbfa8d0:   0000024ce6e58cc0 0000000000000000
0x000000f0fcbfa8e0:   0000000000000000 000000f0fcbfaa00
0x000000f0fcbfa8f0:   0000000000000000 0000000000000000
0x000000f0fcbfa900:   000000f0fcbfaae0 00007ffe21b9f3df
0x000000f0fcbfa910:   0000000000000001 0000000000000000
0x000000f0fcbfa920:   0000000000000000 0000024ce6e58cc0
0x000000f0fcbfa930:   0000024ce5a87a30 0000024ce7aeb680
0x000000f0fcbfa940:   0000000000000000 000000006451f50f
0x000000f0fcbfa950:   0000000000000000 0000000070478bf0
0x000000f0fcbfa960:   000000f0fcbfb8f8 0000024ce5156a00
0x000000f0fcbfa970:   00000001e4be3d60 0000000000000001 

Instructions: (pc=0x00007ffe2183269e)
0x00007ffe2183267e:   fc 90 4d 85 e4 74 19 49 63 07 85 c0 78 12 48 8b
0x00007ffe2183268e:   8d b0 00 00 00 48 8b 17 4c 8b c0 48 03 cb eb 2c
0x00007ffe2183269e:   48 8b 17 48 8b 8d b0 00 00 00 48 03 cb 80 3a 00
0x00007ffe218326ae:   75 05 45 33 c0 eb 15 49 83 c8 ff 0f 1f 80 00 00 



---------------  P R O C E S S  ---------------

Java Threads: ( => current thread )
  0x0000024cc53bc000 JavaThread "DestroyJavaVM" [_thread_blocked, id=736, stack(0x000000f0faf00000,0x000000f0fb000000)]
  0x0000024ce5c41000 JavaThread "main-FPSAWTAnimator#00-Timer0" [_thread_blocked, id=21496, stack(0x000000f0fd100000,0x000000f0fd200000)]
  0x0000024ce6dd8800 JavaThread "main-SharedResourceRunner" daemon [_thread_blocked, id=13972, stack(0x000000f0fcc00000,0x000000f0fcd00000)]
=>0x0000024ce5806800 JavaThread "AWT-EventQueue-0" [_thread_in_native, id=8748, stack(0x000000f0fcb00000,0x000000f0fcc00000)]
  0x0000024ce5abb800 JavaThread "AWT-Windows" daemon [_thread_in_native, id=15012, stack(0x000000f0fca00000,0x000000f0fcb00000)]
  0x0000024ce5ab2800 JavaThread "AWT-Shutdown" [_thread_blocked, id=16140, stack(0x000000f0fc900000,0x000000f0fca00000)]
  0x0000024ce580b000 JavaThread "Java2D Disposer" daemon [_thread_blocked, id=16892, stack(0x000000f0fc800000,0x000000f0fc900000)]
  0x0000024ce4eee800 JavaThread "Service Thread" daemon [_thread_blocked, id=3536, stack(0x000000f0fc500000,0x000000f0fc600000)]
  0x0000024ce4df0800 JavaThread "Common-Cleaner" daemon [_thread_blocked, id=15212, stack(0x000000f0fc400000,0x000000f0fc500000)]
  0x0000024ce4bc8800 JavaThread "Sweeper thread" daemon [_thread_blocked, id=21712, stack(0x000000f0fc300000,0x000000f0fc400000)]
  0x0000024ce4bc6800 JavaThread "C1 CompilerThread2" daemon [_thread_blocked, id=7524, stack(0x000000f0fc200000,0x000000f0fc300000)]
  0x0000024ce4bc2800 JavaThread "C2 CompilerThread1" daemon [_thread_blocked, id=6344, stack(0x000000f0fc100000,0x000000f0fc200000)]
  0x0000024ce4bb5800 JavaThread "C2 CompilerThread0" daemon [_thread_blocked, id=12708, stack(0x000000f0fc000000,0x000000f0fc100000)]
  0x0000024ce4bb1800 JavaThread "Attach Listener" daemon [_thread_blocked, id=16600, stack(0x000000f0fbf00000,0x000000f0fc000000)]
  0x0000024ce4bb0800 JavaThread "Signal Dispatcher" daemon [_thread_blocked, id=10916, stack(0x000000f0fbe00000,0x000000f0fbf00000)]
  0x0000024ce4ba0800 JavaThread "Finalizer" daemon [_thread_blocked, id=6500, stack(0x000000f0fbd00000,0x000000f0fbe00000)]
  0x0000024ce4b8e000 JavaThread "Reference Handler" daemon [_thread_blocked, id=9820, stack(0x000000f0fbc00000,0x000000f0fbd00000)]

Other Threads:
  0x0000024ce4b64000 VMThread "VM Thread" [stack: 0x000000f0fbb00000,0x000000f0fbc00000] [id=18220]
  0x0000024ce4ef4000 WatcherThread [stack: 0x000000f0fc600000,0x000000f0fc700000] [id=10420]
  0x0000024cc53d3800 GCTaskThread "GC Thread#0" [stack: 0x000000f0fb000000,0x000000f0fb100000] [id=6328]
  0x0000024cc53d5000 GCTaskThread "GC Thread#1" [stack: 0x000000f0fb100000,0x000000f0fb200000] [id=15408]
  0x0000024cc53dc800 GCTaskThread "GC Thread#2" [stack: 0x000000f0fb200000,0x000000f0fb300000] [id=17360]
  0x0000024cc53e1800 GCTaskThread "GC Thread#3" [stack: 0x000000f0fb300000,0x000000f0fb400000] [id=17488]
  0x0000024cc5465800 ConcurrentGCThread "G1 Main Marker" [stack: 0x000000f0fb900000,0x000000f0fba00000] [id=23148]
  0x0000024cc53e2000 ConcurrentGCThread "G1 Marker#0" [stack: 0x000000f0fba00000,0x000000f0fbb00000] [id=2624]
  0x0000024cc53f6000 ConcurrentGCThread "G1 Refine#0" [stack: 0x000000f0fb700000,0x000000f0fb800000] [id=19700]
  0x0000024cc53f1800 ConcurrentGCThread "G1 Refine#1" [stack: 0x000000f0fb600000,0x000000f0fb700000] [id=15720]
  0x0000024cc53f8800 ConcurrentGCThread "G1 Refine#2" [stack: 0x000000f0fb500000,0x000000f0fb600000] [id=17336]
  0x0000024cc53eb000 ConcurrentGCThread "G1 Refine#3" [stack: 0x000000f0fb400000,0x000000f0fb500000] [id=11288]
  0x0000024cc53ff000 ConcurrentGCThread "G1 Young RemSet Sampling" [stack: 0x000000f0fb800000,0x000000f0fb900000] [id=16040]

Threads with active compile tasks:

VM state:not at safepoint (normal execution)

VM Mutex/Monitor currently owned by a thread: None

Heap address: 0x0000000081400000, size: 2028 MB, Compressed Oops mode: 32-bit
Narrow klass base: 0x0000000000000000, Narrow klass shift: 3
Compressed class space size: 1073741824 Address: 0x0000000100000000

Heap:
 garbage-first heap   total 131072K, used 73250K [0x0000000081400000, 0x0000000081500400, 0x0000000100000000)
  region size 1024K, 63 young (64512K), 2 survivors (2048K)
 Metaspace       used 18599K, capacity 19426K, committed 19584K, reserved 1067008K
  class space    used 1915K, capacity 2097K, committed 2176K, reserved 1048576K
Heap Regions: E=young(eden), S=young(survivor), O=old, HS=humongous(starts), HC=humongous(continues), CS=collection set, F=free, A=archive, TS=gc time stamp, AC=allocation context, TAMS=top-at-mark-start (previous, next)
|   0|0x0000000081400000, 0x0000000081400000, 0x0000000081500000|  0%| F|  |TS  1|AC  0|TAMS 0x0000000081400000, 0x0000000081400000|
|   1|0x0000000081500000, 0x0000000081600000, 0x0000000081600000|100%| O|  |TS  1|AC  0|TAMS 0x0000000081500000, 0x0000000081500000|
|   2|0x0000000081600000, 0x0000000081688800, 0x0000000081700000| 53%| O|  |TS  1|AC  0|TAMS 0x0000000081600000, 0x0000000081600000|
|   3|0x0000000081700000, 0x0000000081800000, 0x0000000081800000|100%|HS|  |TS  0|AC  0|TAMS 0x0000000081700000, 0x0000000081700000|
|   4|0x0000000081800000, 0x0000000081900000, 0x0000000081900000|100%|HC|  |TS  0|AC  0|TAMS 0x0000000081800000, 0x0000000081800000|
|   5|0x0000000081900000, 0x0000000081a00000, 0x0000000081a00000|100%|HC|  |TS  0|AC  0|TAMS 0x0000000081900000, 0x0000000081900000|
|   6|0x0000000081a00000, 0x0000000081b00000, 0x0000000081b00000|100%|HC|  |TS  0|AC  0|TAMS 0x0000000081a00000, 0x0000000081a00000|
|   7|0x0000000081b00000, 0x0000000081c00000, 0x0000000081c00000|100%|HC|  |TS  0|AC  0|TAMS 0x0000000081b00000, 0x0000000081b00000|
|   8|0x0000000081c00000, 0x0000000081d00000, 0x0000000081d00000|100%|HC|  |TS  0|AC  0|TAMS 0x0000000081c00000, 0x0000000081c00000|
|   9|0x0000000081d00000, 0x0000000081e00000, 0x0000000081e00000|100%|HC|  |TS  0|AC  0|TAMS 0x0000000081d00000, 0x0000000081d00000|
|  10|0x0000000081e00000, 0x0000000081f00000, 0x0000000081f00000|100%|HC|  |TS  0|AC  0|TAMS 0x0000000081e00000, 0x0000000081e00000|
|  11|0x0000000081f00000, 0x0000000081f00000, 0x0000000082000000|  0%| F|  |TS  0|AC  0|TAMS 0x0000000081f00000, 0x0000000081f00000|
|  12|0x0000000082000000, 0x0000000082000000, 0x0000000082100000|  0%| F|  |TS  0|AC  0|TAMS 0x0000000082000000, 0x0000000082000000|
|  13|0x0000000082100000, 0x0000000082100000, 0x0000000082200000|  0%| F|  |TS  0|AC  0|TAMS 0x0000000082100000, 0x0000000082100000|
|  14|0x0000000082200000, 0x0000000082200000, 0x0000000082300000|  0%| F|  |TS  0|AC  0|TAMS 0x0000000082200000, 0x0000000082200000|
|  15|0x0000000082300000, 0x0000000082300000, 0x0000000082400000|  0%| F|  |TS  0|AC  0|TAMS 0x0000000082300000, 0x0000000082300000|
|  16|0x0000000082400000, 0x0000000082400000, 0x0000000082500000|  0%| F|  |TS  0|AC  0|TAMS 0x0000000082400000, 0x0000000082400000|
|  17|0x0000000082500000, 0x0000000082500000, 0x0000000082600000|  0%| F|  |TS  0|AC  0|TAMS 0x0000000082500000, 0x0000000082500000|
|  18|0x0000000082600000, 0x0000000082600000, 0x0000000082700000|  0%| F|  |TS  0|AC  0|TAMS 0x0000000082600000, 0x0000000082600000|
|  19|0x0000000082700000, 0x0000000082700000, 0x0000000082800000|  0%| F|  |TS  0|AC  0|TAMS 0x0000000082700000, 0x0000000082700000|
|  20|0x0000000082800000, 0x0000000082800000, 0x0000000082900000|  0%| F|  |TS  0|AC  0|TAMS 0x0000000082800000, 0x0000000082800000|
|  21|0x0000000082900000, 0x0000000082900000, 0x0000000082a00000|  0%| F|  |TS  0|AC  0|TAMS 0x0000000082900000, 0x0000000082900000|
|  22|0x0000000082a00000, 0x0000000082a00000, 0x0000000082b00000|  0%| F|  |TS  0|AC  0|TAMS 0x0000000082a00000, 0x0000000082a00000|
|  23|0x0000000082b00000, 0x0000000082b00000, 0x0000000082c00000|  0%| F|  |TS  0|AC  0|TAMS 0x0000000082b00000, 0x0000000082b00000|
|  24|0x0000000082c00000, 0x0000000082c00000, 0x0000000082d00000|  0%| F|  |TS  0|AC  0|TAMS 0x0000000082c00000, 0x0000000082c00000|
|  25|0x0000000082d00000, 0x0000000082d00000, 0x0000000082e00000|  0%| F|  |TS  0|AC  0|TAMS 0x0000000082d00000, 0x0000000082d00000|
|  26|0x0000000082e00000, 0x0000000082e00000, 0x0000000082f00000|  0%| F|  |TS  0|AC  0|TAMS 0x0000000082e00000, 0x0000000082e00000|
|  27|0x0000000082f00000, 0x0000000082f00000, 0x0000000083000000|  0%| F|  |TS  0|AC  0|TAMS 0x0000000082f00000, 0x0000000082f00000|
|  28|0x0000000083000000, 0x0000000083000000, 0x0000000083100000|  0%| F|  |TS  0|AC  0|TAMS 0x0000000083000000, 0x0000000083000000|
|  29|0x0000000083100000, 0x0000000083100000, 0x0000000083200000|  0%| F|  |TS  0|AC  0|TAMS 0x0000000083100000, 0x0000000083100000|
|  30|0x0000000083200000, 0x0000000083200000, 0x0000000083300000|  0%| F|  |TS  0|AC  0|TAMS 0x0000000083200000, 0x0000000083200000|
|  31|0x0000000083300000, 0x0000000083300000, 0x0000000083400000|  0%| F|  |TS  0|AC  0|TAMS 0x0000000083300000, 0x0000000083300000|
|  32|0x0000000083400000, 0x0000000083400000, 0x0000000083500000|  0%| F|  |TS  0|AC  0|TAMS 0x0000000083400000, 0x0000000083400000|
|  33|0x0000000083500000, 0x0000000083500000, 0x0000000083600000|  0%| F|  |TS  0|AC  0|TAMS 0x0000000083500000, 0x0000000083500000|
|  34|0x0000000083600000, 0x0000000083600000, 0x0000000083700000|  0%| F|  |TS  0|AC  0|TAMS 0x0000000083600000, 0x0000000083600000|
|  35|0x0000000083700000, 0x0000000083700000, 0x0000000083800000|  0%| F|  |TS  0|AC  0|TAMS 0x0000000083700000, 0x0000000083700000|
|  36|0x0000000083800000, 0x0000000083800000, 0x0000000083900000|  0%| F|  |TS  0|AC  0|TAMS 0x0000000083800000, 0x0000000083800000|
|  37|0x0000000083900000, 0x0000000083900000, 0x0000000083a00000|  0%| F|  |TS  0|AC  0|TAMS 0x0000000083900000, 0x0000000083900000|
|  38|0x0000000083a00000, 0x0000000083a00000, 0x0000000083b00000|  0%| F|  |TS  0|AC  0|TAMS 0x0000000083a00000, 0x0000000083a00000|
|  39|0x0000000083b00000, 0x0000000083b00000, 0x0000000083c00000|  0%| F|  |TS  0|AC  0|TAMS 0x0000000083b00000, 0x0000000083b00000|
|  40|0x0000000083c00000, 0x0000000083c00000, 0x0000000083d00000|  0%| F|  |TS  0|AC  0|TAMS 0x0000000083c00000, 0x0000000083c00000|
|  41|0x0000000083d00000, 0x0000000083d00000, 0x0000000083e00000|  0%| F|  |TS  0|AC  0|TAMS 0x0000000083d00000, 0x0000000083d00000|
|  42|0x0000000083e00000, 0x0000000083e00000, 0x0000000083f00000|  0%| F|  |TS  0|AC  0|TAMS 0x0000000083e00000, 0x0000000083e00000|
|  43|0x0000000083f00000, 0x0000000083f00000, 0x0000000084000000|  0%| F|  |TS  0|AC  0|TAMS 0x0000000083f00000, 0x0000000083f00000|
|  44|0x0000000084000000, 0x0000000084000000, 0x0000000084100000|  0%| F|  |TS  0|AC  0|TAMS 0x0000000084000000, 0x0000000084000000|
|  45|0x0000000084100000, 0x0000000084100000, 0x0000000084200000|  0%| F|  |TS  0|AC  0|TAMS 0x0000000084100000, 0x0000000084100000|
|  46|0x0000000084200000, 0x0000000084200000, 0x0000000084300000|  0%| F|  |TS  0|AC  0|TAMS 0x0000000084200000, 0x0000000084200000|
|  47|0x0000000084300000, 0x0000000084300000, 0x0000000084400000|  0%| F|  |TS  0|AC  0|TAMS 0x0000000084300000, 0x0000000084300000|
|  48|0x0000000084400000, 0x0000000084400000, 0x0000000084500000|  0%| F|  |TS  0|AC  0|TAMS 0x0000000084400000, 0x0000000084400000|
|  49|0x0000000084500000, 0x0000000084500000, 0x0000000084600000|  0%| F|  |TS  0|AC  0|TAMS 0x0000000084500000, 0x0000000084500000|
|  50|0x0000000084600000, 0x0000000084600000, 0x0000000084700000|  0%| F|  |TS  0|AC  0|TAMS 0x0000000084600000, 0x0000000084600000|
|  51|0x0000000084700000, 0x0000000084700000, 0x0000000084800000|  0%| F|  |TS  0|AC  0|TAMS 0x0000000084700000, 0x0000000084700000|
|  52|0x0000000084800000, 0x0000000084800000, 0x0000000084900000|  0%| F|  |TS  0|AC  0|TAMS 0x0000000084800000, 0x0000000084800000|
|  53|0x0000000084900000, 0x0000000084900000, 0x0000000084a00000|  0%| F|  |TS  0|AC  0|TAMS 0x0000000084900000, 0x0000000084900000|
|  54|0x0000000084a00000, 0x0000000084a00000, 0x0000000084b00000|  0%| F|  |TS  0|AC  0|TAMS 0x0000000084a00000, 0x0000000084a00000|
|  55|0x0000000084b00000, 0x0000000084b00000, 0x0000000084c00000|  0%| F|  |TS  0|AC  0|TAMS 0x0000000084b00000, 0x0000000084b00000|
|  56|0x0000000084c00000, 0x0000000084c00000, 0x0000000084d00000|  0%| F|  |TS  0|AC  0|TAMS 0x0000000084c00000, 0x0000000084c00000|
|  57|0x0000000084d00000, 0x0000000084d00000, 0x0000000084e00000|  0%| F|  |TS  0|AC  0|TAMS 0x0000000084d00000, 0x0000000084d00000|
|  58|0x0000000084e00000, 0x0000000084e00000, 0x0000000084f00000|  0%| F|  |TS  0|AC  0|TAMS 0x0000000084e00000, 0x0000000084e00000|
|  59|0x0000000084f00000, 0x0000000084f00000, 0x0000000085000000|  0%| F|  |TS  0|AC  0|TAMS 0x0000000084f00000, 0x0000000084f00000|
|  60|0x0000000085000000, 0x0000000085000000, 0x0000000085100000|  0%| F|  |TS  0|AC  0|TAMS 0x0000000085000000, 0x0000000085000000|
|  61|0x0000000085100000, 0x0000000085100000, 0x0000000085200000|  0%| F|  |TS  0|AC  0|TAMS 0x0000000085100000, 0x0000000085100000|
|  62|0x0000000085200000, 0x0000000085200000, 0x0000000085300000|  0%| F|  |TS  0|AC  0|TAMS 0x0000000085200000, 0x0000000085200000|
|  63|0x0000000085300000, 0x0000000085300000, 0x0000000085400000|  0%| F|  |TS  0|AC  0|TAMS 0x0000000085300000, 0x0000000085300000|
|  64|0x0000000085400000, 0x0000000085400000, 0x0000000085500000|  0%| F|  |TS  0|AC  0|TAMS 0x0000000085400000, 0x0000000085400000|
|  65|0x0000000085500000, 0x0000000085580800, 0x0000000085600000| 50%| E|  |TS  0|AC  0|TAMS 0x0000000085500000, 0x0000000085500000|
|  66|0x0000000085600000, 0x0000000085700000, 0x0000000085700000|100%| E|CS|TS  0|AC  0|TAMS 0x0000000085600000, 0x0000000085600000|
|  67|0x0000000085700000, 0x0000000085800000, 0x0000000085800000|100%| E|CS|TS  0|AC  0|TAMS 0x0000000085700000, 0x0000000085700000|
|  68|0x0000000085800000, 0x0000000085900000, 0x0000000085900000|100%| E|CS|TS  0|AC  0|TAMS 0x0000000085800000, 0x0000000085800000|
|  69|0x0000000085900000, 0x0000000085a00000, 0x0000000085a00000|100%| E|CS|TS  0|AC  0|TAMS 0x0000000085900000, 0x0000000085900000|
|  70|0x0000000085a00000, 0x0000000085b00000, 0x0000000085b00000|100%| E|CS|TS  0|AC  0|TAMS 0x0000000085a00000, 0x0000000085a00000|
|  71|0x0000000085b00000, 0x0000000085c00000, 0x0000000085c00000|100%| E|CS|TS  0|AC  0|TAMS 0x0000000085b00000, 0x0000000085b00000|
|  72|0x0000000085c00000, 0x0000000085d00000, 0x0000000085d00000|100%| E|CS|TS  0|AC  0|TAMS 0x0000000085c00000, 0x0000000085c00000|
|  73|0x0000000085d00000, 0x0000000085e00000, 0x0000000085e00000|100%| E|CS|TS  0|AC  0|TAMS 0x0000000085d00000, 0x0000000085d00000|
|  74|0x0000000085e00000, 0x0000000085f00000, 0x0000000085f00000|100%| E|CS|TS  0|AC  0|TAMS 0x0000000085e00000, 0x0000000085e00000|
|  75|0x0000000085f00000, 0x0000000086000000, 0x0000000086000000|100%| E|CS|TS  0|AC  0|TAMS 0x0000000085f00000, 0x0000000085f00000|
|  76|0x0000000086000000, 0x0000000086100000, 0x0000000086100000|100%| E|CS|TS  0|AC  0|TAMS 0x0000000086000000, 0x0000000086000000|
|  77|0x0000000086100000, 0x0000000086200000, 0x0000000086200000|100%| E|CS|TS  0|AC  0|TAMS 0x0000000086100000, 0x0000000086100000|
|  78|0x0000000086200000, 0x0000000086300000, 0x0000000086300000|100%| E|CS|TS  0|AC  0|TAMS 0x0000000086200000, 0x0000000086200000|
|  79|0x0000000086300000, 0x0000000086400000, 0x0000000086400000|100%| E|CS|TS  0|AC  0|TAMS 0x0000000086300000, 0x0000000086300000|
|  80|0x0000000086400000, 0x0000000086500000, 0x0000000086500000|100%| E|CS|TS  0|AC  0|TAMS 0x0000000086400000, 0x0000000086400000|
|  81|0x0000000086500000, 0x0000000086600000, 0x0000000086600000|100%| E|CS|TS  0|AC  0|TAMS 0x0000000086500000, 0x0000000086500000|
|  82|0x0000000086600000, 0x0000000086700000, 0x0000000086700000|100%| E|CS|TS  0|AC  0|TAMS 0x0000000086600000, 0x0000000086600000|
|  83|0x0000000086700000, 0x0000000086800000, 0x0000000086800000|100%| E|CS|TS  0|AC  0|TAMS 0x0000000086700000, 0x0000000086700000|
|  84|0x0000000086800000, 0x0000000086900000, 0x0000000086900000|100%| E|CS|TS  0|AC  0|TAMS 0x0000000086800000, 0x0000000086800000|
|  85|0x0000000086900000, 0x0000000086a00000, 0x0000000086a00000|100%| E|CS|TS  0|AC  0|TAMS 0x0000000086900000, 0x0000000086900000|
|  86|0x0000000086a00000, 0x0000000086b00000, 0x0000000086b00000|100%| E|CS|TS  0|AC  0|TAMS 0x0000000086a00000, 0x0000000086a00000|
|  87|0x0000000086b00000, 0x0000000086c00000, 0x0000000086c00000|100%| E|CS|TS  0|AC  0|TAMS 0x0000000086b00000, 0x0000000086b00000|
|  88|0x0000000086c00000, 0x0000000086d00000, 0x0000000086d00000|100%| E|CS|TS  0|AC  0|TAMS 0x0000000086c00000, 0x0000000086c00000|
|  89|0x0000000086d00000, 0x0000000086e00000, 0x0000000086e00000|100%| E|CS|TS  0|AC  0|TAMS 0x0000000086d00000, 0x0000000086d00000|
|  90|0x0000000086e00000, 0x0000000086f00000, 0x0000000086f00000|100%| E|CS|TS  0|AC  0|TAMS 0x0000000086e00000, 0x0000000086e00000|
|  91|0x0000000086f00000, 0x0000000087000000, 0x0000000087000000|100%| E|CS|TS  0|AC  0|TAMS 0x0000000086f00000, 0x0000000086f00000|
|  92|0x0000000087000000, 0x0000000087100000, 0x0000000087100000|100%| E|CS|TS  0|AC  0|TAMS 0x0000000087000000, 0x0000000087000000|
|  93|0x0000000087100000, 0x0000000087200000, 0x0000000087200000|100%| E|CS|TS  0|AC  0|TAMS 0x0000000087100000, 0x0000000087100000|
|  94|0x0000000087200000, 0x0000000087300000, 0x0000000087300000|100%| E|CS|TS  0|AC  0|TAMS 0x0000000087200000, 0x0000000087200000|
|  95|0x0000000087300000, 0x0000000087400000, 0x0000000087400000|100%| E|CS|TS  0|AC  0|TAMS 0x0000000087300000, 0x0000000087300000|
|  96|0x0000000087400000, 0x0000000087500000, 0x0000000087500000|100%| E|CS|TS  0|AC  0|TAMS 0x0000000087400000, 0x0000000087400000|
|  97|0x0000000087500000, 0x0000000087600000, 0x0000000087600000|100%| E|CS|TS  0|AC  0|TAMS 0x0000000087500000, 0x0000000087500000|
|  98|0x0000000087600000, 0x0000000087700000, 0x0000000087700000|100%| E|CS|TS  0|AC  0|TAMS 0x0000000087600000, 0x0000000087600000|
|  99|0x0000000087700000, 0x0000000087800000, 0x0000000087800000|100%| E|CS|TS  0|AC  0|TAMS 0x0000000087700000, 0x0000000087700000|
| 100|0x0000000087800000, 0x0000000087900000, 0x0000000087900000|100%| E|CS|TS  0|AC  0|TAMS 0x0000000087800000, 0x0000000087800000|
| 101|0x0000000087900000, 0x0000000087a00000, 0x0000000087a00000|100%| E|CS|TS  0|AC  0|TAMS 0x0000000087900000, 0x0000000087900000|
| 102|0x0000000087a00000, 0x0000000087b00000, 0x0000000087b00000|100%| E|CS|TS  0|AC  0|TAMS 0x0000000087a00000, 0x0000000087a00000|
| 103|0x0000000087b00000, 0x0000000087c00000, 0x0000000087c00000|100%| E|CS|TS  0|AC  0|TAMS 0x0000000087b00000, 0x0000000087b00000|
| 104|0x0000000087c00000, 0x0000000087d00000, 0x0000000087d00000|100%| E|CS|TS  0|AC  0|TAMS 0x0000000087c00000, 0x0000000087c00000|
| 105|0x0000000087d00000, 0x0000000087e00000, 0x0000000087e00000|100%| E|CS|TS  0|AC  0|TAMS 0x0000000087d00000, 0x0000000087d00000|
| 106|0x0000000087e00000, 0x0000000087f00000, 0x0000000087f00000|100%| E|CS|TS  0|AC  0|TAMS 0x0000000087e00000, 0x0000000087e00000|
| 107|0x0000000087f00000, 0x0000000088000000, 0x0000000088000000|100%| E|CS|TS  0|AC  0|TAMS 0x0000000087f00000, 0x0000000087f00000|
| 108|0x0000000088000000, 0x0000000088100000, 0x0000000088100000|100%| E|CS|TS  0|AC  0|TAMS 0x0000000088000000, 0x0000000088000000|
| 109|0x0000000088100000, 0x0000000088200000, 0x0000000088200000|100%| E|CS|TS  0|AC  0|TAMS 0x0000000088100000, 0x0000000088100000|
| 110|0x0000000088200000, 0x0000000088300000, 0x0000000088300000|100%| E|CS|TS  0|AC  0|TAMS 0x0000000088200000, 0x0000000088200000|
| 111|0x0000000088300000, 0x0000000088400000, 0x0000000088400000|100%| E|CS|TS  0|AC  0|TAMS 0x0000000088300000, 0x0000000088300000|
| 112|0x0000000088400000, 0x0000000088500000, 0x0000000088500000|100%| S|CS|TS  1|AC  0|TAMS 0x0000000088400000, 0x0000000088400000|
| 113|0x0000000088500000, 0x0000000088600000, 0x0000000088600000|100%| S|CS|TS  1|AC  0|TAMS 0x0000000088500000, 0x0000000088500000|
| 114|0x0000000088600000, 0x0000000088700000, 0x0000000088700000|100%| E|CS|TS  1|AC  0|TAMS 0x0000000088600000, 0x0000000088600000|
| 115|0x0000000088700000, 0x0000000088800000, 0x0000000088800000|100%| E|CS|TS  1|AC  0|TAMS 0x0000000088700000, 0x0000000088700000|
| 116|0x0000000088800000, 0x0000000088900000, 0x0000000088900000|100%| E|CS|TS  1|AC  0|TAMS 0x0000000088800000, 0x0000000088800000|
| 117|0x0000000088900000, 0x0000000088a00000, 0x0000000088a00000|100%| E|CS|TS  1|AC  0|TAMS 0x0000000088900000, 0x0000000088900000|
| 118|0x0000000088a00000, 0x0000000088b00000, 0x0000000088b00000|100%| E|CS|TS  1|AC  0|TAMS 0x0000000088a00000, 0x0000000088a00000|
| 119|0x0000000088b00000, 0x0000000088c00000, 0x0000000088c00000|100%| E|CS|TS  1|AC  0|TAMS 0x0000000088b00000, 0x0000000088b00000|
| 120|0x0000000088c00000, 0x0000000088d00000, 0x0000000088d00000|100%| E|CS|TS  1|AC  0|TAMS 0x0000000088c00000, 0x0000000088c00000|
| 121|0x0000000088d00000, 0x0000000088e00000, 0x0000000088e00000|100%| E|CS|TS  1|AC  0|TAMS 0x0000000088d00000, 0x0000000088d00000|
| 122|0x0000000088e00000, 0x0000000088f00000, 0x0000000088f00000|100%| E|CS|TS  1|AC  0|TAMS 0x0000000088e00000, 0x0000000088e00000|
| 123|0x0000000088f00000, 0x0000000089000000, 0x0000000089000000|100%| E|CS|TS  1|AC  0|TAMS 0x0000000088f00000, 0x0000000088f00000|
| 124|0x0000000089000000, 0x0000000089100000, 0x0000000089100000|100%| E|CS|TS  1|AC  0|TAMS 0x0000000089000000, 0x0000000089000000|
| 125|0x0000000089100000, 0x0000000089200000, 0x0000000089200000|100%| E|CS|TS  1|AC  0|TAMS 0x0000000089100000, 0x0000000089100000|
| 126|0x0000000089200000, 0x0000000089300000, 0x0000000089300000|100%| E|CS|TS  1|AC  0|TAMS 0x0000000089200000, 0x0000000089200000|
| 127|0x0000000089300000, 0x0000000089400000, 0x0000000089400000|100%| E|CS|TS  1|AC  0|TAMS 0x0000000089300000, 0x0000000089300000|

Card table byte_map: [0x0000024cdd590000,0x0000024cdd990000] byte_map_base: 0x0000024cdd186000

Marking Bits (Prev, Next): (CMBitMap*) 0x0000024cc5464a40, (CMBitMap*) 0x0000024cc5464a78
 Prev Bits: [0x0000024cddd90000, 0x0000024cdfd40000)
 Next Bits: [0x0000024cdfd40000, 0x0000024ce1cf0000)

Polling page: 0x0000024cc52c0000

CodeHeap 'non-profiled nmethods': size=120064Kb used=563Kb max_used=563Kb free=119500Kb
 bounds [0x0000024cd5220000, 0x0000024cd5490000, 0x0000024cdc760000]
CodeHeap 'profiled nmethods': size=120000Kb used=2756Kb max_used=2756Kb free=117243Kb
 bounds [0x0000024ccdcf0000, 0x0000024ccdfb0000, 0x0000024cd5220000]
CodeHeap 'non-nmethods': size=5696Kb used=1574Kb max_used=1598Kb free=4121Kb
 bounds [0x0000024ccd760000, 0x0000024ccd9d0000, 0x0000024ccdcf0000]
 total_blobs=2591 nmethods=1375 adapters=833
 compilation: enabled

Compilation events (10 events):
Event: 2.388 Thread 0x0000024ce4bc6800 nmethod 1370 0x0000024ccdf9cd90 code [0x0000024ccdf9cf60, 0x0000024ccdf9d280]
Event: 2.388 Thread 0x0000024ce4bc6800 1371       3       java.nio.CharBuffer::arrayOffset (35 bytes)
Event: 2.388 Thread 0x0000024ce4bc6800 nmethod 1371 0x0000024ccdf9d390 code [0x0000024ccdf9d560, 0x0000024ccdf9d880]
Event: 2.389 Thread 0x0000024ce4bc6800 1372       3       java.io.BufferedOutputStream::flushBuffer (29 bytes)
Event: 2.389 Thread 0x0000024ce4bc6800 nmethod 1372 0x0000024ccdf9d990 code [0x0000024ccdf9db40, 0x0000024ccdf9ddd0]
Event: 2.389 Thread 0x0000024ce4bc6800 1373       3       java.nio.charset.CoderResult::isUnderflow (13 bytes)
Event: 2.389 Thread 0x0000024ce4bc6800 nmethod 1373 0x0000024ccdf9de90 code [0x0000024ccdf9e040, 0x0000024ccdf9e1f8]
Event: 2.390 Thread 0x0000024ce4bc6800 1374       3       java.lang.StringBuilder::<init> (18 bytes)
Event: 2.390 Thread 0x0000024ce4bc6800 nmethod 1374 0x0000024ccdf9e290 code [0x0000024ccdf9e480, 0x0000024ccdf9e940]
Event: 2.391 Thread 0x0000024ce4bc6800 1375   !   3       java.io.BufferedReader::readLine (304 bytes)

GC Heap History (2 events):
Event: 1.250 GC heap before
{Heap before GC invocations=0 (full 0):
 garbage-first heap   total 131072K, used 15360K [0x0000000081400000, 0x0000000081500400, 0x0000000100000000)
  region size 1024K, 14 young (14336K), 0 survivors (0K)
 Metaspace       used 14038K, capacity 14574K, committed 14848K, reserved 1062912K
  class space    used 1312K, capacity 1435K, committed 1536K, reserved 1048576K
}
Event: 1.257 GC heap after
{Heap after GC invocations=1 (full 0):
 garbage-first heap   total 131072K, used 3618K [0x0000000081400000, 0x0000000081500400, 0x0000000100000000)
  region size 1024K, 2 young (2048K), 2 survivors (2048K)
 Metaspace       used 14038K, capacity 14574K, committed 14848K, reserved 1062912K
  class space    used 1312K, capacity 1435K, committed 1536K, reserved 1048576K
}

Deoptimization events (10 events):
Event: 1.969 Thread 0x0000024ce5abb800 Uncommon trap: reason=class_check action=maybe_recompile pc=0x0000024cd527c450 method=java.util.HashMap.putVal(ILjava/lang/Object;Ljava/lang/Object;ZZ)Ljava/lang/Object; @ 203 c2
Event: 1.969 Thread 0x0000024ce5abb800 Uncommon trap: reason=bimorphic_or_optimized_type_check action=maybe_recompile pc=0x0000024cd527c474 method=java.util.HashMap.putVal(ILjava/lang/Object;Ljava/lang/Object;ZZ)Ljava/lang/Object; @ 91 c2
Event: 1.969 Thread 0x0000024ce5abb800 Uncommon trap: reason=class_check action=maybe_recompile pc=0x0000024cd527c450 method=java.util.HashMap.putVal(ILjava/lang/Object;Ljava/lang/Object;ZZ)Ljava/lang/Object; @ 203 c2
Event: 1.969 Thread 0x0000024ce5abb800 Uncommon trap: reason=class_check action=maybe_recompile pc=0x0000024cd527c450 method=java.util.HashMap.putVal(ILjava/lang/Object;Ljava/lang/Object;ZZ)Ljava/lang/Object; @ 203 c2
Event: 1.969 Thread 0x0000024ce5abb800 Uncommon trap: reason=bimorphic_or_optimized_type_check action=maybe_recompile pc=0x0000024cd527c474 method=java.util.HashMap.putVal(ILjava/lang/Object;Ljava/lang/Object;ZZ)Ljava/lang/Object; @ 91 c2
Event: 2.020 Thread 0x0000024cc53bc000 Uncommon trap: reason=unstable_if action=reinterpret pc=0x0000024cd5266264 method=java.lang.StringUTF16.compress([CI[BII)I @ 20 c2
Event: 2.030 Thread 0x0000024cc53bc000 Uncommon trap: reason=unstable_if action=reinterpret pc=0x0000024cd5265cb4 method=java.lang.String.startsWith(Ljava/lang/String;I)Z @ 14 c2
Event: 2.081 Thread 0x0000024cc53bc000 Uncommon trap: reason=unstable_if action=reinterpret pc=0x0000024cd528d6f0 method=java.util.Arrays.equals([Ljava/lang/Object;[Ljava/lang/Object;)Z @ 23 c2
Event: 2.306 Thread 0x0000024cc53bc000 Uncommon trap: reason=unstable_if action=reinterpret pc=0x0000024cd52a057c method=universe.Ellipse.initData()V @ 110 c2
Event: 2.390 Thread 0x0000024ce5806800 Uncommon trap: reason=unstable_if action=reinterpret pc=0x0000024cd52a66c0 method=java.io.BufferedReader.readLine(Z)Ljava/lang/String; @ 160 c2

Classes redefined (0 events):
No events

Internal exceptions (10 events):
Event: 1.911 Thread 0x0000024cc53bc000 Exception <a 'java/lang/NoSuchMethodError'{0x0000000087b65e10}: java.lang.invoke.DirectMethodHandle$Holder.invokeStatic(Ljava/lang/Object;ILjava/lang/Object;Ljava/lang/Object;Ljava/lang/Object;)Ljava/lang/Object;> (0x0000000087b65e10) thrown at [t:/worksp
Event: 1.911 Thread 0x0000024cc53bc000 Exception <a 'java/lang/NoSuchMethodError'{0x0000000087b69b08}: method resolution failed> (0x0000000087b69b08) thrown at [t:/workspace/hotspot/src/share/vm/prims/methodHandles.cpp, line 1256]
Event: 1.945 Thread 0x0000024cc53bc000 Exception <a 'java/lang/ClassNotFoundException'{0x0000000087a2b1e8}: com/sun/swing/internal/plaf/metal/resources/spi/metalProvider> (0x0000000087a2b1e8) thrown at [t:/workspace/hotspot/src/share/vm/classfile/systemDictionary.cpp, line 218]
Event: 1.946 Thread 0x0000024cc53bc000 Exception <a 'java/lang/ClassNotFoundException'{0x0000000087a2ff48}: com/sun/swing/internal/plaf/basic/resources/spi/basicProvider> (0x0000000087a2ff48) thrown at [t:/workspace/hotspot/src/share/vm/classfile/systemDictionary.cpp, line 218]
Event: 1.953 Thread 0x0000024cc53bc000 Implicit null exception at 0x0000024cd528a858 to 0x0000024cd528a8e6
Event: 2.038 Thread 0x0000024cc53bc000 Exception <a 'java/lang/NoSuchMethodError'{0x00000000877aa310}: java.lang.invoke.DirectMethodHandle$Holder.invokeStatic(Ljava/lang/Object;Ljava/lang/Object;Ljava/lang/Object;Ljava/lang/Object;Ljava/lang/Object;Ljava/lang/Object;Ljava/lang/Object;Ljava/lan
Event: 2.040 Thread 0x0000024cc53bc000 Exception <a 'java/lang/NoSuchMethodError'{0x00000000877c8ab0}: java.lang.invoke.DirectMethodHandle$Holder.invokeStatic(Ljava/lang/Object;Ljava/lang/Object;Ljava/lang/Object;Ljava/lang/Object;Ljava/lang/Object;Ljava/lang/Object;Ljava/lang/Object;Ljava/lan
Event: 2.043 Thread 0x0000024cc53bc000 Exception <a 'java/lang/NoSuchMethodError'{0x00000000877e7f90}: java.lang.invoke.DirectMethodHandle$Holder.invokeStatic(Ljava/lang/Object;Ljava/lang/Object;Ljava/lang/Object;Ljava/lang/Object;Ljava/lang/Object;Ljava/lang/Object;Ljava/lang/Object;Ljava/lan
Event: 2.056 Thread 0x0000024cc53bc000 Exception <a 'java/lang/reflect/InvocationTargetException'{0x0000000087606588}> (0x0000000087606588) thrown at [t:/workspace/hotspot/src/share/vm/runtime/reflection.cpp, line 1213]
Event: 2.386 Thread 0x0000024ce5806800 Exception <a 'java/io/FileNotFoundException'{0x00000000856f8dd8}> (0x00000000856f8dd8) thrown at [t:/workspace/hotspot/src/share/vm/prims/jni.cpp, line 604]

Events (10 events):
Event: 2.383 loading class com/jogamp/opengl/math/VectorUtil done
Event: 2.386 loading class java/lang/Throwable$WrappedPrintStream
Event: 2.386 loading class java/lang/Throwable$PrintStreamOrWriter
Event: 2.386 loading class java/lang/Throwable$PrintStreamOrWriter done
Event: 2.386 loading class java/lang/Throwable$WrappedPrintStream done
Event: 2.387 loading class java/lang/StackTraceElement$HashedModules
Event: 2.387 loading class java/lang/StackTraceElement$HashedModules done
Event: 2.390 Thread 0x0000024ce5806800 Uncommon trap: trap_request=0xffffff5d fr.pc=0x0000024cd52a66c0 relative=0x0000000000000a20
Event: 2.390 Thread 0x0000024ce5806800 DEOPT PACKING pc=0x0000024cd52a66c0 sp=0x000000f0fcbfaac0
Event: 2.390 Thread 0x0000024ce5806800 DEOPT UNPACKING pc=0x0000024ccd7ada29 sp=0x000000f0fcbfaa60 mode 2


Dynamic libraries:
0x00007ff780fe0000 - 0x00007ff78101e000 	C:\Program Files\Java\jre-9.0.1\bin\javaw.exe
0x00007ffe59740000 - 0x00007ffe59920000 	C:\Windows\SYSTEM32\ntdll.dll
0x00007ffe43c90000 - 0x00007ffe43cc4000 	C:\Program Files\AVAST Software\Avast\x64\aswhooka.dll
0x00007ffe578c0000 - 0x00007ffe5796e000 	C:\Windows\System32\KERNEL32.DLL
0x00007ffe566f0000 - 0x00007ffe56956000 	C:\Windows\System32\KERNELBASE.dll
0x00007ffe56d90000 - 0x00007ffe56e31000 	C:\Windows\System32\ADVAPI32.dll
0x00007ffe56ff0000 - 0x00007ffe5708d000 	C:\Windows\System32\msvcrt.dll
0x00007ffe57cd0000 - 0x00007ffe57d2b000 	C:\Windows\System32\sechost.dll
0x00007ffe56c10000 - 0x00007ffe56d2f000 	C:\Windows\System32\RPCRT4.dll
0x00007ffe57d30000 - 0x00007ffe57ebf000 	C:\Windows\System32\USER32.dll
0x00007ffe566d0000 - 0x00007ffe566f0000 	C:\Windows\System32\win32u.dll
0x00007ffe58210000 - 0x00007ffe58238000 	C:\Windows\System32\GDI32.dll
0x00007ffe56430000 - 0x00007ffe565c3000 	C:\Windows\System32\gdi32full.dll
0x00007ffe56390000 - 0x00007ffe5642b000 	C:\Windows\System32\msvcp_win.dll
0x00007ffe565d0000 - 0x00007ffe566c6000 	C:\Windows\System32\ucrtbase.dll
0x00007ffe48500000 - 0x00007ffe48769000 	C:\Windows\WinSxS\amd64_microsoft.windows.common-controls_6595b64144ccf1df_6.0.16299.125_none_15cbcf8893620c09\COMCTL32.dll
0x00007ffe575b0000 - 0x00007ffe578b8000 	C:\Windows\System32\combase.dll
0x00007ffe569c0000 - 0x00007ffe56a32000 	C:\Windows\System32\bcryptPrimitives.dll
0x00007ffe47390000 - 0x00007ffe4739a000 	C:\Windows\SYSTEM32\VERSION.dll
0x00007ffe596e0000 - 0x00007ffe5970d000 	C:\Windows\System32\IMM32.DLL
0x00007ffe34030000 - 0x00007ffe3411f000 	C:\Program Files\Java\jre-9.0.1\bin\msvcr120.dll
0x00007ffe36d80000 - 0x00007ffe36e26000 	C:\Program Files\Java\jre-9.0.1\bin\msvcp120.dll
0x0000000070140000 - 0x0000000070b64000 	C:\Program Files\Java\jre-9.0.1\bin\server\jvm.dll
0x00007ffe56e40000 - 0x00007ffe56e48000 	C:\Windows\System32\PSAPI.DLL
0x00007ffe52050000 - 0x00007ffe52059000 	C:\Windows\SYSTEM32\WSOCK32.dll
0x00007ffe57a80000 - 0x00007ffe57aec000 	C:\Windows\System32\WS2_32.dll
0x00007ffe4d270000 - 0x00007ffe4d293000 	C:\Windows\SYSTEM32\WINMM.dll
0x00007ffe4d020000 - 0x00007ffe4d04a000 	C:\Windows\SYSTEM32\WINMMBASE.dll
0x00007ffe55b40000 - 0x00007ffe55b8a000 	C:\Windows\System32\cfgmgr32.dll
0x00007ffe52040000 - 0x00007ffe5204f000 	C:\Program Files\Java\jre-9.0.1\bin\verify.dll
0x00007ffe49a70000 - 0x00007ffe49a97000 	C:\Program Files\Java\jre-9.0.1\bin\java.dll
0x00007ffe50880000 - 0x00007ffe50896000 	C:\Program Files\Java\jre-9.0.1\bin\zip.dll
0x00007ffe52030000 - 0x00007ffe5203a000 	C:\Program Files\Java\jre-9.0.1\bin\jimage.dll
0x00007ffe582a0000 - 0x00007ffe596d6000 	C:\Windows\System32\SHELL32.dll
0x00007ffe574e0000 - 0x00007ffe57586000 	C:\Windows\System32\shcore.dll
0x00007ffe55c40000 - 0x00007ffe56387000 	C:\Windows\System32\windows.storage.dll
0x00007ffe57ec0000 - 0x00007ffe57f11000 	C:\Windows\System32\shlwapi.dll
0x00007ffe55b00000 - 0x00007ffe55b11000 	C:\Windows\System32\kernel.appcore.dll
0x00007ffe55ab0000 - 0x00007ffe55afc000 	C:\Windows\System32\powrprof.dll
0x00007ffe55a90000 - 0x00007ffe55aab000 	C:\Windows\System32\profapi.dll
0x00007ffe4f6b0000 - 0x00007ffe4f6ca000 	C:\Program Files\Java\jre-9.0.1\bin\net.dll
0x00007ffe51b20000 - 0x00007ffe51bfe000 	C:\Windows\SYSTEM32\WINHTTP.dll
0x00007ffe552c0000 - 0x00007ffe55326000 	C:\Windows\system32\mswsock.dll
0x00007ffe4f400000 - 0x00007ffe4f411000 	C:\Program Files\Java\jre-9.0.1\bin\nio.dll
0x00007ffe55480000 - 0x00007ffe55497000 	C:\Windows\SYSTEM32\CRYPTSP.dll
0x00007ffe54ed0000 - 0x00007ffe54f03000 	C:\Windows\system32\rsaenh.dll
0x00007ffe555f0000 - 0x00007ffe55615000 	C:\Windows\SYSTEM32\bcrypt.dll
0x00007ffe559c0000 - 0x00007ffe559e9000 	C:\Windows\SYSTEM32\USERENV.dll
0x00007ffe554a0000 - 0x00007ffe554ab000 	C:\Windows\SYSTEM32\CRYPTBASE.dll
0x00007ffe55050000 - 0x00007ffe55089000 	C:\Windows\SYSTEM32\IPHLPAPI.DLL
0x00007ffe57cc0000 - 0x00007ffe57cc8000 	C:\Windows\System32\NSI.dll
0x00007ffe50cc0000 - 0x00007ffe50cd6000 	C:\Windows\SYSTEM32\dhcpcsvc6.DLL
0x00007ffe50dd0000 - 0x00007ffe50dea000 	C:\Windows\SYSTEM32\dhcpcsvc.DLL
0x00007ffe53f30000 - 0x00007ffe53fb8000 	C:\Windows\system32\apphelp.dll
0x00000000637c0000 - 0x00000000637cd000 	C:\Users\Haubold\AppData\Local\Temp\jogamp_0000\file_cache\jln10559724876960816308\jln1062999801939438904\natives\windows-amd64\gluegen-rt.dll
0x00007ffe290b0000 - 0x00007ffe29249000 	C:\Program Files\Java\jre-9.0.1\bin\awt.dll
0x00007ffe57fd0000 - 0x00007ffe58095000 	C:\Windows\System32\OLEAUT32.dll
0x00007ffe53440000 - 0x00007ffe539f8000 	C:\Windows\SYSTEM32\d2d1.dll
0x00007ffe56a40000 - 0x00007ffe56c0e000 	C:\Windows\System32\CRYPT32.dll
0x00007ffe55b20000 - 0x00007ffe55b32000 	C:\Windows\System32\MSASN1.dll
0x00007ffe54250000 - 0x00007ffe542e5000 	C:\Windows\system32\uxtheme.dll
0x00007ffe580a0000 - 0x00007ffe58207000 	C:\Windows\System32\MSCTF.dll
0x00007ffe54370000 - 0x00007ffe5439a000 	C:\Windows\system32\dwmapi.dll
0x00007ffe57b70000 - 0x00007ffe57cb9000 	C:\Windows\System32\ole32.dll
0x00007ffe52210000 - 0x00007ffe52217000 	C:\Program Files\Java\jre-9.0.1\bin\jawt.dll
0x000000006a440000 - 0x000000006a44d000 	C:\Users\Haubold\AppData\Local\Temp\jogamp_0000\file_cache\jln10559724876960816308\jln1062999801939438904\natives\windows-amd64\nativewindow_awt.dll
0x00007ffe419e0000 - 0x00007ffe41afe000 	C:\Windows\system32\opengl32.dll
0x00007ffe4a540000 - 0x00007ffe4a56c000 	C:\Windows\SYSTEM32\GLU32.dll
0x000000006c100000 - 0x000000006c10f000 	C:\Users\Haubold\AppData\Local\Temp\jogamp_0000\file_cache\jln10559724876960816308\jln1062999801939438904\natives\windows-amd64\nativewindow_win32.dll
0x0000000064500000 - 0x00000000645b1000 	C:\Users\Haubold\AppData\Local\Temp\jogamp_0000\file_cache\jln10559724876960816308\jln1062999801939438904\natives\windows-amd64\jogl_desktop.dll
0x00007ffe27fe0000 - 0x00007ffe28257000 	C:\Program Files\MiKTeX 2.9\miktex\bin\x64\libGLESv2.dll
0x00007ffe24a80000 - 0x00007ffe24c15000 	C:\Windows\SYSTEM32\d3d9.dll
0x00007ffe34230000 - 0x00007ffe342cc000 	C:\Program Files\Java\jre-9.0.1\bin\MSVCP140.dll
0x00007ffe51780000 - 0x00007ffe51796000 	C:\Program Files\Java\jre-9.0.1\bin\VCRUNTIME140.dll
0x0000000064340000 - 0x00000000643a2000 	C:\Users\Haubold\AppData\Local\Temp\jogamp_0000\file_cache\jln10559724876960816308\jln1062999801939438904\natives\windows-amd64\jogl_mobile.dll
0x00007ffe216a0000 - 0x00007ffe223c8000 	C:\Windows\SYSTEM32\ig9icd64.dll
0x00007ffe487d0000 - 0x00007ffe49641000 	C:\Windows\SYSTEM32\igc64.dll
0x00007ffe518a0000 - 0x00007ffe518b3000 	C:\Windows\SYSTEM32\WTSAPI32.dll
0x00007ffe2abf0000 - 0x00007ffe2ac8d000 	C:\Program Files\Java\jre-9.0.1\bin\fontmanager.dll
0x00007ffe51650000 - 0x00007ffe516e8000 	C:\Windows\System32\TextInputFramework.dll
0x00007ffe4c630000 - 0x00007ffe4c91e000 	C:\Windows\System32\CoreUIComponents.dll
0x00007ffe53360000 - 0x00007ffe5343d000 	C:\Windows\System32\CoreMessaging.dll
0x00007ffe54bd0000 - 0x00007ffe54c01000 	C:\Windows\SYSTEM32\ntmarta.dll
0x00007ffe52440000 - 0x00007ffe52576000 	C:\Windows\SYSTEM32\wintypes.dll
0x00007ffe4fe70000 - 0x00007ffe50038000 	C:\Windows\SYSTEM32\dbghelp.dll

VM Arguments:
jvm_args: -Dfile.encoding=UTF-8 
java_command: client.App
java_class_path (initial): C:\Users\Haubold\workspace\workspace\OPENGL\target\classes;C:\Users\Haubold\workspace\jogamp-all-platforms\jar\gluegen-rt.jar;C:\Users\Haubold\workspace\jogamp-all-platforms\jar\jogl-all.jar;C:\Users\Haubold\.p2\pool\plugins\org.junit_4.12.0.v201504281640\junit.jar;C:\Users\Haubold\.p2\pool\plugins\org.hamcrest.core_1.3.0.v201303031735.jar;C:\Users\Haubold\.m2\repository\org\jdom\jdom\1.1\jdom-1.1.jar
Launcher Type: SUN_STANDARD

Logging:
Log output configuration:
#0: stdout all=warning uptime,level,tags
#1: stderr all=off uptime,level,tags

Environment Variables:
JAVA_HOME=C:\Program Files\Java\jdk-9.0.1
PATH=C:\ProgramData\Oracle\Java\javapath;C:\Windows\system32;C:\Windows;C:\Windows\System32\Wbem;C:\Windows\System32\WindowsPowerShell\v1.0\;C:\Program Files\MiKTeX 2.9\miktex\bin\x64\;C:\Users\Haubold\AppData\Local\Microsoft\WindowsApps;C:\Program Files\Maven\apache-maven-3.5.2-bin\apache-maven-3.5.2\bin
USERNAME=Haubold
OS=Windows_NT
PROCESSOR_IDENTIFIER=Intel64 Family 6 Model 78 Stepping 3, GenuineIntel



---------------  S Y S T E M  ---------------

OS: Windows 10 , 64 bit Build 16299 (10.0.16299.15)

CPU:total 4 (initial active 4) (2 cores per cpu, 2 threads per core) family 6 model 78 stepping 3, cmov, cx8, fxsr, mmx, sse, sse2, sse3, ssse3, sse4.1, sse4.2, popcnt, aes, clmul, erms, 3dnowpref, lzcnt, ht, tsc, tscinvbit

Memory: 4k page, physical 8304436k(4871184k free), swap 15229648k(10994132k free)

vm_info: Java HotSpot(TM) 64-Bit Server VM (9.0.1+11) for windows-amd64 JRE (9.0.1+11), built on Sep 28 2017 04:54:03 by "mach5one" with MS VC++ 12.0 (VS2013)

END.
